Using pre-set license
Built from '2020.3/staging' branch; Version is '2020.3.5f1 (8095aa901b9b) revision 8426922'; Using compiler version '192528614'; Build Type 'Release'
OS: 'Windows 10 Home; OS build 22000.856; Version 2009; 64bit' Language: 'en' Physical Memory: 16178 MB
BatchMode: 1, IsHumanControllingUs: 0, StartBugReporterOnCrash: 0, Is64bit: 1, IsPro: 0

 COMMAND LINE ARGUMENTS:
C:\Program Files\Unity\Editor\Unity.exe
-adb2
-batchMode
-noUpm
-name
AssetImportWorker0
-projectPath
C:/Users/maddy/Desktop/repos/FableCraft3/FableCraft3
-logFile
Logs/AssetImportWorker0.log
-srvPort
56167
Successfully changed project path to: C:/Users/maddy/Desktop/repos/FableCraft3/FableCraft3
C:/Users/maddy/Desktop/repos/FableCraft3/FableCraft3
Using Asset Import Pipeline V2.
Refreshing native plugins compatible for Editor in 75.81 ms, found 2 plugins.
Preloading 0 native plugins for Editor in 0.00 ms.
Initialize engine version: 2020.3.5f1 (8095aa901b9b)
[Subsystems] Discovering subsystems at path C:/Program Files/Unity/Editor/Data/Resources/UnitySubsystems
[Subsystems] Discovering subsystems at path C:/Users/maddy/Desktop/repos/FableCraft3/FableCraft3/Assets
GfxDevice: creating device client; threaded=0
Direct3D:
    Version:  Direct3D 11.0 [level 11.1]
    Renderer: NVIDIA GeForce GTX 1060 with Max-Q Design (ID=0x1c20)
    Vendor:   
    VRAM:     6052 MB
    Driver:   27.21.14.6231
Shader 'Universal Render Pipeline/Particles/Lit': fallback shader 'Universal Render Pipeline/Particles/SimpleLit' not found
Initialize mono
Mono path[0] = 'C:/Program Files/Unity/Editor/Data/Managed'
Mono path[1] = 'C:/Program Files/Unity/Editor/Data/MonoBleedingEdge/lib/mono/unityjit'
Mono config path = 'C:/Program Files/Unity/Editor/Data/MonoBleedingEdge/etc'
Using monoOptions --debugger-agent=transport=dt_socket,embedding=1,server=y,suspend=n,address=127.0.0.1:56496
Begin MonoManager ReloadAssembly
Registering precompiled unity dll's ...
Register platform support module: C:/Program Files/Unity/Editor/Data/PlaybackEngines/WebGLSupport/UnityEditor.WebGL.Extensions.dll
Register platform support module: C:/Program Files/Unity/Editor/Data/PlaybackEngines/MacStandaloneSupport/UnityEditor.OSXStandalone.Extensions.dll
Register platform support module: C:/Program Files/Unity/Editor/Data/PlaybackEngines/WindowsStandaloneSupport/UnityEditor.WindowsStandalone.Extensions.dll
Registered in 0.002383 seconds.
Native extension for WindowsStandalone target not found
Native extension for OSXStandalone target not found
Native extension for WebGL target not found
Refreshing native plugins compatible for Editor in 76.91 ms, found 2 plugins.
Preloading 0 native plugins for Editor in 0.00 ms.
Mono: successfully reloaded assembly
- Completed reload, in  1.493 seconds
Platform modules already initialized, skipping
Registering precompiled user dll's ...
Registered in 0.004357 seconds.
Begin MonoManager ReloadAssembly
Native extension for WindowsStandalone target not found
Native extension for OSXStandalone target not found
Native extension for WebGL target not found
Refreshing native plugins compatible for Editor in 62.35 ms, found 2 plugins.
Preloading 0 native plugins for Editor in 0.00 ms.
Mono: successfully reloaded assembly
- Completed reload, in  1.333 seconds
Platform modules already initialized, skipping
========================================================================
Worker process is ready to serve import requests
Shader 'Universal Render Pipeline/Particles/Lit': fallback shader 'Universal Render Pipeline/Particles/SimpleLit' not found
Launched and connected shader compiler UnityShaderCompiler.exe after 0.04 seconds
Refreshing native plugins compatible for Editor in 0.80 ms, found 2 plugins.
Preloading 0 native plugins for Editor in 0.00 ms.
Unloading 3463 Unused Serialized files (Serialized files now loaded: 0)
System memory in use before: 144.0 MB.
System memory in use after: 144.2 MB.

Unloading 19 unused Assets to reduce memory usage. Loaded Objects now: 3898.
Total: 3.285100 ms (FindLiveObjects: 0.356000 ms CreateObjectMapping: 0.249500 ms MarkObjects: 2.593500 ms  DeleteObjects: 0.085100 ms)

========================================================================
Received Import Request.
  path: Assets/Readme.asset
  artifactKey: Guid(83c2ed844a8c74b779a4c823d16594b1) Importer(815301076,1909f56bfc062723c751e8b465ee728b)
Start importing Assets/Readme.asset using Guid(83c2ed844a8c74b779a4c823d16594b1) Importer(815301076,1909f56bfc062723c751e8b465ee728b)  -> (artifact id: 'fa7ed051ced4084210995b9ef96a3a7f') in 0.041170 seconds
  Import took 0.046827 seconds .

========================================================================
Received Import Request.
  Time since last request: 255.320409 seconds.
  path: Assets/Materials
  artifactKey: Guid(d0234ba368eeec9418390da711bfdad0) Importer(815301076,1909f56bfc062723c751e8b465ee728b)
Start importing Assets/Materials using Guid(d0234ba368eeec9418390da711bfdad0) Importer(815301076,1909f56bfc062723c751e8b465ee728b)  -> (artifact id: 'd73b9949026a6a116abb0547a5b022bb') in 0.005947 seconds
  Import took 0.012287 seconds .

========================================================================
Received Import Request.
  Time since last request: 0.536300 seconds.
  path: Assets/Prefabs
  artifactKey: Guid(892948774a6bc974a9191f6f179dec1f) Importer(815301076,1909f56bfc062723c751e8b465ee728b)
Start importing Assets/Prefabs using Guid(892948774a6bc974a9191f6f179dec1f) Importer(815301076,1909f56bfc062723c751e8b465ee728b)  -> (artifact id: 'de0fef68120cb89a17724e438332e0bb') in 0.005564 seconds
  Import took 0.010969 seconds .

========================================================================
Received Import Request.
  Time since last request: 0.559821 seconds.
  path: Assets/Presets
  artifactKey: Guid(558255460b74ec04fa70b5570e9327bd) Importer(815301076,1909f56bfc062723c751e8b465ee728b)
Start importing Assets/Presets using Guid(558255460b74ec04fa70b5570e9327bd) Importer(815301076,1909f56bfc062723c751e8b465ee728b)  -> (artifact id: 'dae0f04151eee1890c5f8f7b35baf936') in 0.006216 seconds
  Import took 0.011834 seconds .

========================================================================
Received Import Request.
  Time since last request: 0.609383 seconds.
  path: Assets/Resources
  artifactKey: Guid(167f7bf484a1a9844af68ef1dc6112db) Importer(815301076,1909f56bfc062723c751e8b465ee728b)
Start importing Assets/Resources using Guid(167f7bf484a1a9844af68ef1dc6112db) Importer(815301076,1909f56bfc062723c751e8b465ee728b)  -> (artifact id: '74e8f49dd1ec23e99d6195fa7b850cb2') in 0.005646 seconds
  Import took 0.011119 seconds .

========================================================================
Received Import Request.
  Time since last request: 0.424033 seconds.
  path: Assets/Scenes
  artifactKey: Guid(0c5c9760c217a394dae30209c4d4488f) Importer(815301076,1909f56bfc062723c751e8b465ee728b)
Start importing Assets/Scenes using Guid(0c5c9760c217a394dae30209c4d4488f) Importer(815301076,1909f56bfc062723c751e8b465ee728b)  -> (artifact id: '9e6024df3c7d552637061c831cdd348e') in 0.007038 seconds
  Import took 0.014674 seconds .

========================================================================
Received Import Request.
  Time since last request: 0.641246 seconds.
  path: Assets/Scripts
  artifactKey: Guid(02a3527b6b33a924e8ec66aa805ea717) Importer(815301076,1909f56bfc062723c751e8b465ee728b)
Start importing Assets/Scripts using Guid(02a3527b6b33a924e8ec66aa805ea717) Importer(815301076,1909f56bfc062723c751e8b465ee728b)  -> (artifact id: '6bd86b1d3c446bea3dff0cc9782305c0') in 0.005755 seconds
  Import took 0.011338 seconds .

========================================================================
Received Prepare
Registering precompiled user dll's ...
Registered in 0.005732 seconds.
Begin MonoManager ReloadAssembly
Native extension for WindowsStandalone target not found
Native extension for OSXStandalone target not found
Native extension for WebGL target not found
Refreshing native plugins compatible for Editor in 0.60 ms, found 2 plugins.
Preloading 0 native plugins for Editor in 0.00 ms.
Mono: successfully reloaded assembly
- Completed reload, in  1.183 seconds
Platform modules already initialized, skipping
Shader 'Universal Render Pipeline/Particles/Lit': fallback shader 'Universal Render Pipeline/Particles/SimpleLit' not found
Refreshing native plugins compatible for Editor in 0.54 ms, found 2 plugins.
Preloading 0 native plugins for Editor in 0.00 ms.
Unloading 3344 Unused Serialized files (Serialized files now loaded: 0)
System memory in use before: 136.0 MB.
System memory in use after: 136.2 MB.

Unloading 14 unused Assets to reduce memory usage. Loaded Objects now: 3902.
Total: 3.565200 ms (FindLiveObjects: 0.444600 ms CreateObjectMapping: 0.315500 ms MarkObjects: 2.771000 ms  DeleteObjects: 0.032900 ms)

========================================================================
Received Import Request.
  Time since last request: 143.113847 seconds.
  path: Assets/Materials/Skybox_Mat.mat
  artifactKey: Guid(0ffaa0b7117ba8c47a9d05ae701d4b4d) Importer(815301076,1909f56bfc062723c751e8b465ee728b)
Start importing Assets/Materials/Skybox_Mat.mat using Guid(0ffaa0b7117ba8c47a9d05ae701d4b4d) Importer(815301076,1909f56bfc062723c751e8b465ee728b)  -> (artifact id: '7d24ce53e16b5d96cadd4a67506d68c8') in 0.315807 seconds
  Import took 0.320811 seconds .

========================================================================
Received Import Request.
  Time since last request: 2.070051 seconds.
  path: Assets/Presets/AudioCompressedInMemory.preset
  artifactKey: Guid(2dd802e4d37c65149922028d3e973832) Importer(815301076,1909f56bfc062723c751e8b465ee728b)
Start importing Assets/Presets/AudioCompressedInMemory.preset using Guid(2dd802e4d37c65149922028d3e973832) Importer(815301076,1909f56bfc062723c751e8b465ee728b)  -> (artifact id: 'b18cbd2c66d7256d377f2be6b18d45c8') in 0.008877 seconds
  Import took 0.014134 seconds .

========================================================================
Received Import Request.
  Time since last request: 0.000196 seconds.
  path: Assets/Presets/AudioStreaming.preset
  artifactKey: Guid(86bcce7f5575b54408aa0f3a7d321039) Importer(815301076,1909f56bfc062723c751e8b465ee728b)
Start importing Assets/Presets/AudioStreaming.preset using Guid(86bcce7f5575b54408aa0f3a7d321039) Importer(815301076,1909f56bfc062723c751e8b465ee728b)  -> (artifact id: '3733209e64214ed637045a4445d8ace9') in 0.006413 seconds
  Import took 0.011827 seconds .

========================================================================
Received Import Request.
  Time since last request: 0.000285 seconds.
  path: Assets/Presets/NormalTexture.preset
  artifactKey: Guid(14a57cf3b9fa1c74b884aa7e0dcf1faa) Importer(815301076,1909f56bfc062723c751e8b465ee728b)
Start importing Assets/Presets/NormalTexture.preset using Guid(14a57cf3b9fa1c74b884aa7e0dcf1faa) Importer(815301076,1909f56bfc062723c751e8b465ee728b)  -> (artifact id: '9122ab2b4139acf4638b2b25587976a8') in 0.007322 seconds
  Import took 0.012952 seconds .

========================================================================
Received Import Request.
  Time since last request: 0.000243 seconds.
  path: Assets/Presets/UtilityTexture.preset
  artifactKey: Guid(45f7b2e3c78185248b3adbb14429c2ab) Importer(815301076,1909f56bfc062723c751e8b465ee728b)
Start importing Assets/Presets/UtilityTexture.preset using Guid(45f7b2e3c78185248b3adbb14429c2ab) Importer(815301076,1909f56bfc062723c751e8b465ee728b)  -> (artifact id: '68a0a6a9213efaf2bf555922cd89ac63') in 0.008653 seconds
  Import took 0.014651 seconds .

========================================================================
Received Import Request.
  Time since last request: 7.441731 seconds.
  path: Assets/Settings/ForwardRenderer.asset
  artifactKey: Guid(4a8e21d5c33334b11b34a596161b9360) Importer(815301076,1909f56bfc062723c751e8b465ee728b)
Start importing Assets/Settings/ForwardRenderer.asset using Guid(4a8e21d5c33334b11b34a596161b9360) Importer(815301076,1909f56bfc062723c751e8b465ee728b)  -> (artifact id: '36a035169ac9f0bb2ac6389b676275d2') in 0.006956 seconds
  Import took 0.011990 seconds .

========================================================================
Received Import Request.
  Time since last request: 0.000302 seconds.
  path: Assets/Settings/SampleSceneProfile.asset
  artifactKey: Guid(10fc4df2da32a41aaa32d77bc913491c) Importer(815301076,1909f56bfc062723c751e8b465ee728b)
Start importing Assets/Settings/SampleSceneProfile.asset using Guid(10fc4df2da32a41aaa32d77bc913491c) Importer(815301076,1909f56bfc062723c751e8b465ee728b)  -> (artifact id: '9dd4b2b05a24c2ef6718d98fc4f81ea6') in 0.011293 seconds
  Import took 0.019086 seconds .

========================================================================
Received Import Request.
  Time since last request: 0.000315 seconds.
  path: Assets/Settings/UniversalRP-LowQuality.asset
  artifactKey: Guid(a31e9f9f9c9d4b9429ed0d1234e22103) Importer(815301076,1909f56bfc062723c751e8b465ee728b)
Start importing Assets/Settings/UniversalRP-LowQuality.asset using Guid(a31e9f9f9c9d4b9429ed0d1234e22103) Importer(815301076,1909f56bfc062723c751e8b465ee728b)  -> (artifact id: '9ae6d53b897516bb8e19d1cf1fdf5643') in 0.007470 seconds
  Import took 0.013200 seconds .

========================================================================
Received Import Request.
  Time since last request: 0.000311 seconds.
  path: Assets/Settings/UniversalRP-MediumQuality.asset
  artifactKey: Guid(d847b876476d3d6468f5dfcd34266f96) Importer(815301076,1909f56bfc062723c751e8b465ee728b)
Start importing Assets/Settings/UniversalRP-MediumQuality.asset using Guid(d847b876476d3d6468f5dfcd34266f96) Importer(815301076,1909f56bfc062723c751e8b465ee728b)  -> (artifact id: '04eac606c4ab802ee3ffe392f8ae89a0') in 0.007086 seconds
  Import took 0.012961 seconds .

========================================================================
Received Import Request.
  Time since last request: 0.000246 seconds.
  path: Assets/Settings/UniversalRP-HighQuality.asset
  artifactKey: Guid(19ba41d7c0026c3459d37c2fe90c55a0) Importer(815301076,1909f56bfc062723c751e8b465ee728b)
Start importing Assets/Settings/UniversalRP-HighQuality.asset using Guid(19ba41d7c0026c3459d37c2fe90c55a0) Importer(815301076,1909f56bfc062723c751e8b465ee728b)  -> (artifact id: 'e6e004c20550493b0077b859a97c0df1') in 0.006698 seconds
  Import took 0.012042 seconds .

========================================================================
Received Import Request.
  Time since last request: 0.002407 seconds.
  path: Assets/Settings/UniversalRP-MediumQuality.asset
  artifactKey: Guid(d847b876476d3d6468f5dfcd34266f96) Importer(815301076,1909f56bfc062723c751e8b465ee728b)
Start importing Assets/Settings/UniversalRP-MediumQuality.asset using Guid(d847b876476d3d6468f5dfcd34266f96) Importer(815301076,1909f56bfc062723c751e8b465ee728b)  -> (artifact id: '04eac606c4ab802ee3ffe392f8ae89a0') in 0.003070 seconds
  Import took 0.008981 seconds .

========================================================================
Received Import Request.
  Time since last request: 1.392702 seconds.
  path: Assets/ThirdParty/Fungus
  artifactKey: Guid(120b23b5240c94aee960b7434706811c) Importer(815301076,1909f56bfc062723c751e8b465ee728b)
Start importing Assets/ThirdParty/Fungus using Guid(120b23b5240c94aee960b7434706811c) Importer(815301076,1909f56bfc062723c751e8b465ee728b)  -> (artifact id: '0f45699f58a9e1bfb1f0819569fb1a36') in 0.007626 seconds
  Import took 0.013377 seconds .

========================================================================
Received Import Request.
  Time since last request: 0.102529 seconds.
  path: Assets/ThirdParty/Fungus/Fungus.asmdef
  artifactKey: Guid(007db7f7a4c8f944990d71603a110f82) Importer(815301076,1909f56bfc062723c751e8b465ee728b)
Start importing Assets/ThirdParty/Fungus/Fungus.asmdef using Guid(007db7f7a4c8f944990d71603a110f82) Importer(815301076,1909f56bfc062723c751e8b465ee728b)  -> (artifact id: 'abd88897e5766bda9135fc3def0f8b98') in 0.003601 seconds
  Import took 0.009021 seconds .

========================================================================
Received Import Request.
  Time since last request: 17.199207 seconds.
  path: Assets/Scripts/FableCraft3
  artifactKey: Guid(572bf4713e6a48d4789c961426876496) Importer(815301076,1909f56bfc062723c751e8b465ee728b)
Start importing Assets/Scripts/FableCraft3 using Guid(572bf4713e6a48d4789c961426876496) Importer(815301076,1909f56bfc062723c751e8b465ee728b)  -> (artifact id: '207d906c62c388387b5176e555376372') in 0.006032 seconds
  Import took 0.011968 seconds .

========================================================================
Received Import Request.
  Time since last request: 1.121421 seconds.
  path: Assets/Scripts/FableCraft3/DontDestroy.cs
  artifactKey: Guid(ebcb9ba04642b5c43ada20242b586f18) Importer(815301076,1909f56bfc062723c751e8b465ee728b)
Start importing Assets/Scripts/FableCraft3/DontDestroy.cs using Guid(ebcb9ba04642b5c43ada20242b586f18) Importer(815301076,1909f56bfc062723c751e8b465ee728b)  -> (artifact id: '586e1bf5703468671760f92f04255884') in 0.013368 seconds
  Import took 0.018504 seconds .

========================================================================
Received Import Request.
  Time since last request: 2.435411 seconds.
  path: Assets/Scripts/FableCraft3/Editor
  artifactKey: Guid(8425a2b5ca169464abf78efcca15e56e) Importer(815301076,1909f56bfc062723c751e8b465ee728b)
Start importing Assets/Scripts/FableCraft3/Editor using Guid(8425a2b5ca169464abf78efcca15e56e) Importer(815301076,1909f56bfc062723c751e8b465ee728b)  -> (artifact id: '4935155649c3952aea10c83c2e3384e0') in 0.005725 seconds
  Import took 0.011362 seconds .

========================================================================
Received Import Request.
  Time since last request: 1.290830 seconds.
  path: Assets/Scripts/FableCraft3/Editor/FableCraftManager.cs
  artifactKey: Guid(5a520dfa82c221645a1d87b37107ab64) Importer(815301076,1909f56bfc062723c751e8b465ee728b)
Start importing Assets/Scripts/FableCraft3/Editor/FableCraftManager.cs using Guid(5a520dfa82c221645a1d87b37107ab64) Importer(815301076,1909f56bfc062723c751e8b465ee728b)  -> (artifact id: '70f2b21909a0134bc06fcf65829cc6bf') in 0.005436 seconds
  Import took 0.010692 seconds .

========================================================================
Received Import Request.
  Time since last request: 4.852527 seconds.
  path: Assets/Scenes/Menu.unity
  artifactKey: Guid(3d30da2f6936d634b8c5595c695322ff) Importer(815301076,1909f56bfc062723c751e8b465ee728b)
Start importing Assets/Scenes/Menu.unity using Guid(3d30da2f6936d634b8c5595c695322ff) Importer(815301076,1909f56bfc062723c751e8b465ee728b)  -> (artifact id: '174ea347a52584bed6b66528ff067c20') in 0.006123 seconds
  Import took 0.011588 seconds .

========================================================================
Received Import Request.
  Time since last request: 1.640093 seconds.
  path: Assets/Scenes/Scene1.unity
  artifactKey: Guid(5470ef793a653bc40a0908b3b3876696) Importer(815301076,1909f56bfc062723c751e8b465ee728b)
Start importing Assets/Scenes/Scene1.unity using Guid(5470ef793a653bc40a0908b3b3876696) Importer(815301076,1909f56bfc062723c751e8b465ee728b)  -> (artifact id: 'd8e04754b40d5d81b1adb59eb5b5d8cf') in 0.006346 seconds
  Import took 0.012091 seconds .

========================================================================
Received Import Request.
  Time since last request: 3.093437 seconds.
  path: Assets/Scenes/Scene2.unity
  artifactKey: Guid(8ecfbfc52e48d4e47b3df14057d788d6) Importer(815301076,1909f56bfc062723c751e8b465ee728b)
Start importing Assets/Scenes/Scene2.unity using Guid(8ecfbfc52e48d4e47b3df14057d788d6) Importer(815301076,1909f56bfc062723c751e8b465ee728b)  -> (artifact id: '2ca511c8904cd61d50eb7a51e8940fba') in 0.005631 seconds
  Import took 0.011413 seconds .

========================================================================
Received Import Request.
  Time since last request: 6.471005 seconds.
  path: Assets/Resources/GameUI.prefab
  artifactKey: Guid(84b9b3d835d4600429c668b0c688dcf0) Importer(815301076,1909f56bfc062723c751e8b465ee728b)
Start importing Assets/Resources/GameUI.prefab using Guid(84b9b3d835d4600429c668b0c688dcf0) Importer(815301076,1909f56bfc062723c751e8b465ee728b)  -> (artifact id: '46fc1edc2347cac6a4adf96b8e901e13') in 0.075904 seconds
  Import took 0.082392 seconds .

========================================================================
Received Import Request.
  Time since last request: 0.000254 seconds.
  path: Assets/Resources/SaveMenu.prefab
  artifactKey: Guid(4d703c10fd865a1439a7227b398f014b) Importer(815301076,1909f56bfc062723c751e8b465ee728b)
Start importing Assets/Resources/SaveMenu.prefab using Guid(4d703c10fd865a1439a7227b398f014b) Importer(815301076,1909f56bfc062723c751e8b465ee728b)  -> (artifact id: 'a256201bd09c0171275ab12f0c341589') in 0.038158 seconds
  Import took 0.043656 seconds .

========================================================================
Received Import Request.
  Time since last request: 0.000320 seconds.
  path: Assets/Resources/SaveDataGlobal.prefab
  artifactKey: Guid(87c06814b2fd69b48a5745aa6ccd24fb) Importer(815301076,1909f56bfc062723c751e8b465ee728b)
Start importing Assets/Resources/SaveDataGlobal.prefab using Guid(87c06814b2fd69b48a5745aa6ccd24fb) Importer(815301076,1909f56bfc062723c751e8b465ee728b)  -> (artifact id: '52957f9082b35688b0de90a62a5cbc5b') in 0.010818 seconds
  Import took 0.017460 seconds .

AssetImportWorkerClient::OnTransportError - code=2 error=End of file
