Using pre-set license
Built from '2020.3/staging' branch; Version is '2020.3.5f1 (8095aa901b9b) revision 8426922'; Using compiler version '192528614'; Build Type 'Release'
OS: 'Windows 10 Education; OS build 19044.1288; Version 2009; 64bit' Language: 'en' Physical Memory: 32704 MB
BatchMode: 1, IsHumanControllingUs: 0, StartBugReporterOnCrash: 0, Is64bit: 1, IsPro: 0

 COMMAND LINE ARGUMENTS:
C:\Program Files\Unity\Hub\Editor\2020.3.5f1\Editor\Unity.exe
-adb2
-batchMode
-noUpm
-name
AssetImportWorker0
-projectPath
C:/Users/s213173/Desktop/REPOS/Narr-Design/FableCraft3/FableCraft3
-logFile
Logs/AssetImportWorker0.log
-srvPort
50216
Successfully changed project path to: C:/Users/s213173/Desktop/REPOS/Narr-Design/FableCraft3/FableCraft3
C:/Users/s213173/Desktop/REPOS/Narr-Design/FableCraft3/FableCraft3
Using Asset Import Pipeline V2.
Refreshing native plugins compatible for Editor in 68.32 ms, found 2 plugins.
Preloading 0 native plugins for Editor in 0.00 ms.
Initialize engine version: 2020.3.5f1 (8095aa901b9b)
[Subsystems] Discovering subsystems at path C:/Program Files/Unity/Hub/Editor/2020.3.5f1/Editor/Data/Resources/UnitySubsystems
[Subsystems] Discovering subsystems at path C:/Users/s213173/Desktop/REPOS/Narr-Design/FableCraft3/FableCraft3/Assets
GfxDevice: creating device client; threaded=0
Direct3D:
    Version:  Direct3D 11.0 [level 11.1]
    Renderer: NVIDIA GeForce GTX 960 (ID=0x1401)
    Vendor:   
    VRAM:     4053 MB
    Driver:   30.0.14.9676
Shader 'Universal Render Pipeline/Particles/Lit': fallback shader 'Universal Render Pipeline/Particles/SimpleLit' not found
Initialize mono
Mono path[0] = 'C:/Program Files/Unity/Hub/Editor/2020.3.5f1/Editor/Data/Managed'
Mono path[1] = 'C:/Program Files/Unity/Hub/Editor/2020.3.5f1/Editor/Data/MonoBleedingEdge/lib/mono/unityjit'
Mono config path = 'C:/Program Files/Unity/Hub/Editor/2020.3.5f1/Editor/Data/MonoBleedingEdge/etc'
Using monoOptions --debugger-agent=transport=dt_socket,embedding=1,server=y,suspend=n,address=127.0.0.1:56672
Begin MonoManager ReloadAssembly
Registering precompiled unity dll's ...
Register platform support module: C:/Program Files/Unity/Hub/Editor/2020.3.5f1/Editor/Data/PlaybackEngines/WebGLSupport/UnityEditor.WebGL.Extensions.dll
Register platform support module: C:/Program Files/Unity/Hub/Editor/2020.3.5f1/Editor/Data/PlaybackEngines/WindowsStandaloneSupport/UnityEditor.WindowsStandalone.Extensions.dll
Registered in 0.014750 seconds.
Native extension for WindowsStandalone target not found
Native extension for WebGL target not found
Refreshing native plugins compatible for Editor in 58.89 ms, found 2 plugins.
Preloading 0 native plugins for Editor in 0.00 ms.
Mono: successfully reloaded assembly
- Completed reload, in  2.761 seconds
Platform modules already initialized, skipping
Registering precompiled user dll's ...
Registered in 0.005802 seconds.
Begin MonoManager ReloadAssembly
Native extension for WindowsStandalone target not found
Native extension for WebGL target not found
Refreshing native plugins compatible for Editor in 89.66 ms, found 2 plugins.
Preloading 0 native plugins for Editor in 0.00 ms.
Mono: successfully reloaded assembly
- Completed reload, in  1.927 seconds
Platform modules already initialized, skipping
========================================================================
Worker process is ready to serve import requests
Shader 'Universal Render Pipeline/Particles/Lit': fallback shader 'Universal Render Pipeline/Particles/SimpleLit' not found
Launched and connected shader compiler UnityShaderCompiler.exe after 0.06 seconds
Refreshing native plugins compatible for Editor in 1.40 ms, found 2 plugins.
Preloading 0 native plugins for Editor in 0.00 ms.
Unloading 3464 Unused Serialized files (Serialized files now loaded: 0)
System memory in use before: 144.2 MB.
System memory in use after: 144.4 MB.

Unloading 19 unused Assets to reduce memory usage. Loaded Objects now: 3899.
Total: 3.442300 ms (FindLiveObjects: 0.564200 ms CreateObjectMapping: 0.233600 ms MarkObjects: 2.557100 ms  DeleteObjects: 0.086200 ms)

========================================================================
Received Import Request.
  path: Assets/Readme.asset
  artifactKey: Guid(83c2ed844a8c74b779a4c823d16594b1) Importer(815301076,1909f56bfc062723c751e8b465ee728b)
Start importing Assets/Readme.asset using Guid(83c2ed844a8c74b779a4c823d16594b1) Importer(815301076,1909f56bfc062723c751e8b465ee728b)  -> (artifact id: '565fd9fe444b98f7811df8b03358136a') in 0.056099 seconds
  Import took 0.068281 seconds .

========================================================================
Received Import Request.
  Time since last request: 50.900362 seconds.
  path: Assets/ThirdParty
  artifactKey: Guid(8220ba23ddc26c14cabda1a5bbb86a01) Importer(815301076,1909f56bfc062723c751e8b465ee728b)
Start importing Assets/ThirdParty using Guid(8220ba23ddc26c14cabda1a5bbb86a01) Importer(815301076,1909f56bfc062723c751e8b465ee728b)  -> (artifact id: 'd9fb0a6b419c21bbff1e7004bcad770f') in 0.006186 seconds
  Import took 0.014197 seconds .

========================================================================
Received Import Request.
  Time since last request: 0.555331 seconds.
  path: Assets/Settings
  artifactKey: Guid(0735c275001a2c84dafdb30deced5d8d) Importer(815301076,1909f56bfc062723c751e8b465ee728b)
Start importing Assets/Settings using Guid(0735c275001a2c84dafdb30deced5d8d) Importer(815301076,1909f56bfc062723c751e8b465ee728b)  -> (artifact id: 'ab9deffdd809f0f7cb49c00e99fd368b') in 0.009253 seconds
  Import took 0.015636 seconds .

========================================================================
Received Import Request.
  Time since last request: 2.370188 seconds.
  path: Assets/Prefabs
  artifactKey: Guid(892948774a6bc974a9191f6f179dec1f) Importer(815301076,1909f56bfc062723c751e8b465ee728b)
Start importing Assets/Prefabs using Guid(892948774a6bc974a9191f6f179dec1f) Importer(815301076,1909f56bfc062723c751e8b465ee728b)  -> (artifact id: '073c5bba06b4a54ae3a80ffa9b7b81e4') in 0.005786 seconds
  Import took 0.011222 seconds .

========================================================================
Received Import Request.
  Time since last request: 1.313161 seconds.
  path: Assets/Materials/Skybox_Mat.mat
  artifactKey: Guid(0ffaa0b7117ba8c47a9d05ae701d4b4d) Importer(815301076,1909f56bfc062723c751e8b465ee728b)
Start importing Assets/Materials/Skybox_Mat.mat using Guid(0ffaa0b7117ba8c47a9d05ae701d4b4d) Importer(815301076,1909f56bfc062723c751e8b465ee728b)  -> (artifact id: '31fbd7dc6f72fd262f5c631246ef9c21') in 0.232982 seconds
  Import took 0.238266 seconds .

========================================================================
Received Import Request.
  Time since last request: 1.297722 seconds.
  path: Assets/Presets/AudioCompressedInMemory.preset
  artifactKey: Guid(2dd802e4d37c65149922028d3e973832) Importer(815301076,1909f56bfc062723c751e8b465ee728b)
Start importing Assets/Presets/AudioCompressedInMemory.preset using Guid(2dd802e4d37c65149922028d3e973832) Importer(815301076,1909f56bfc062723c751e8b465ee728b)  -> (artifact id: 'f59350c88eb735453e3834d40f603e97') in 0.008089 seconds
  Import took 0.013793 seconds .

========================================================================
Received Import Request.
  Time since last request: 0.000231 seconds.
  path: Assets/Presets/AudioStreaming.preset
  artifactKey: Guid(86bcce7f5575b54408aa0f3a7d321039) Importer(815301076,1909f56bfc062723c751e8b465ee728b)
Start importing Assets/Presets/AudioStreaming.preset using Guid(86bcce7f5575b54408aa0f3a7d321039) Importer(815301076,1909f56bfc062723c751e8b465ee728b)  -> (artifact id: '69c67ffeac588426c52f9f09f1e61bce') in 0.007047 seconds
  Import took 0.013062 seconds .

========================================================================
Received Import Request.
  Time since last request: 0.000265 seconds.
  path: Assets/Presets/NormalTexture.preset
  artifactKey: Guid(14a57cf3b9fa1c74b884aa7e0dcf1faa) Importer(815301076,1909f56bfc062723c751e8b465ee728b)
Start importing Assets/Presets/NormalTexture.preset using Guid(14a57cf3b9fa1c74b884aa7e0dcf1faa) Importer(815301076,1909f56bfc062723c751e8b465ee728b)  -> (artifact id: 'f446470e4206a60489800d2787a8ca1d') in 0.010917 seconds
  Import took 0.017762 seconds .

========================================================================
Received Import Request.
  Time since last request: 0.000211 seconds.
  path: Assets/Presets/UtilityTexture.preset
  artifactKey: Guid(45f7b2e3c78185248b3adbb14429c2ab) Importer(815301076,1909f56bfc062723c751e8b465ee728b)
Start importing Assets/Presets/UtilityTexture.preset using Guid(45f7b2e3c78185248b3adbb14429c2ab) Importer(815301076,1909f56bfc062723c751e8b465ee728b)  -> (artifact id: '654272b5c95c28d5c7d791bfbf89ff76') in 0.007527 seconds
  Import took 0.014078 seconds .

========================================================================
Received Import Request.
  Time since last request: 0.002198 seconds.
  path: Assets/Presets/UtilityTexture.preset
  artifactKey: Guid(45f7b2e3c78185248b3adbb14429c2ab) Importer(815301076,1909f56bfc062723c751e8b465ee728b)
Start importing Assets/Presets/UtilityTexture.preset using Guid(45f7b2e3c78185248b3adbb14429c2ab) Importer(815301076,1909f56bfc062723c751e8b465ee728b)  -> (artifact id: '654272b5c95c28d5c7d791bfbf89ff76') in 0.005318 seconds
  Import took 0.012568 seconds .

========================================================================
Received Import Request.
  Time since last request: 0.845094 seconds.
  path: Assets/Presets/Defaults
  artifactKey: Guid(71ea82b02df99c2439e0dc8e4e1ebc24) Importer(815301076,1909f56bfc062723c751e8b465ee728b)
Start importing Assets/Presets/Defaults using Guid(71ea82b02df99c2439e0dc8e4e1ebc24) Importer(815301076,1909f56bfc062723c751e8b465ee728b)  -> (artifact id: '17d13ef34b2ec4d93a04412180985712') in 0.157969 seconds
  Import took 0.167289 seconds .

========================================================================
Received Import Request.
  Time since last request: 0.069248 seconds.
  path: Assets/Presets/Defaults/AlbedoTexture_Default.preset
  artifactKey: Guid(e8537455c6c08bd4e8bf0be3707da685) Importer(815301076,1909f56bfc062723c751e8b465ee728b)
Start importing Assets/Presets/Defaults/AlbedoTexture_Default.preset using Guid(e8537455c6c08bd4e8bf0be3707da685) Importer(815301076,1909f56bfc062723c751e8b465ee728b)  -> (artifact id: 'e892c8da8fae70d4028de84a12b5763c') in 0.014120 seconds
  Import took 0.021514 seconds .

========================================================================
Received Import Request.
  Time since last request: 0.000209 seconds.
  path: Assets/Presets/Defaults/AudioDecompressOnLoad.preset
  artifactKey: Guid(e7689051185d12f4298e1ebb2693a29f) Importer(815301076,1909f56bfc062723c751e8b465ee728b)
Start importing Assets/Presets/Defaults/AudioDecompressOnLoad.preset using Guid(e7689051185d12f4298e1ebb2693a29f) Importer(815301076,1909f56bfc062723c751e8b465ee728b)  -> (artifact id: '2e274ef8088f4c65b55d195262eb8c73') in 0.008662 seconds
  Import took 0.015946 seconds .

========================================================================
Received Import Request.
  Time since last request: 0.000204 seconds.
  path: Assets/Presets/Defaults/DirectionalLight_Default.preset
  artifactKey: Guid(463065d4f17d1d94d848aa127b94dd43) Importer(815301076,1909f56bfc062723c751e8b465ee728b)
Start importing Assets/Presets/Defaults/DirectionalLight_Default.preset using Guid(463065d4f17d1d94d848aa127b94dd43) Importer(815301076,1909f56bfc062723c751e8b465ee728b)  -> (artifact id: 'ed9527d081d1f92a3b9c9654d374f1a8') in 0.008791 seconds
  Import took 0.017462 seconds .

========================================================================
Received Import Request.
  Time since last request: 1.325502 seconds.
  path: Assets/Resources/GameUI.prefab
  artifactKey: Guid(84b9b3d835d4600429c668b0c688dcf0) Importer(815301076,1909f56bfc062723c751e8b465ee728b)
Start importing Assets/Resources/GameUI.prefab using Guid(84b9b3d835d4600429c668b0c688dcf0) Importer(815301076,1909f56bfc062723c751e8b465ee728b)  -> (artifact id: 'dbf4f0ee985c6bcc5336ed90c7be7b33') in 0.072152 seconds
  Import took 0.078598 seconds .

========================================================================
Received Import Request.
  Time since last request: 0.000266 seconds.
  path: Assets/Resources/SaveMenu.prefab
  artifactKey: Guid(4d703c10fd865a1439a7227b398f014b) Importer(815301076,1909f56bfc062723c751e8b465ee728b)
Start importing Assets/Resources/SaveMenu.prefab using Guid(4d703c10fd865a1439a7227b398f014b) Importer(815301076,1909f56bfc062723c751e8b465ee728b)  -> (artifact id: '0647df6c9e08f00293c814ec5cd14248') in 0.033336 seconds
  Import took 0.038632 seconds .

========================================================================
Received Import Request.
  Time since last request: 0.000278 seconds.
  path: Assets/Resources/SaveDataGlobal.prefab
  artifactKey: Guid(87c06814b2fd69b48a5745aa6ccd24fb) Importer(815301076,1909f56bfc062723c751e8b465ee728b)
Start importing Assets/Resources/SaveDataGlobal.prefab using Guid(87c06814b2fd69b48a5745aa6ccd24fb) Importer(815301076,1909f56bfc062723c751e8b465ee728b)  -> (artifact id: '9cdbed6036cdf597bc6ff96a83a8918f') in 0.009882 seconds
  Import took 0.016889 seconds .

========================================================================
Received Import Request.
  Time since last request: 1.858219 seconds.
  path: Assets/Resources/Template
  artifactKey: Guid(dfa8fc02eb6b048448490a706b148baa) Importer(815301076,1909f56bfc062723c751e8b465ee728b)
Start importing Assets/Resources/Template using Guid(dfa8fc02eb6b048448490a706b148baa) Importer(815301076,1909f56bfc062723c751e8b465ee728b)  -> (artifact id: '071ba36ae618c796ed043edf36241630') in 0.008242 seconds
  Import took 0.015713 seconds .

========================================================================
Received Import Request.
  Time since last request: 88.440701 seconds.
  path: Assets/Scenes/Scene1.unity
  artifactKey: Guid(5470ef793a653bc40a0908b3b3876696) Importer(815301076,1909f56bfc062723c751e8b465ee728b)
Start importing Assets/Scenes/Scene1.unity using Guid(5470ef793a653bc40a0908b3b3876696) Importer(815301076,1909f56bfc062723c751e8b465ee728b)  -> (artifact id: '36b066853fcb709ed54045c353dc8c22') in 0.007240 seconds
  Import took 0.012920 seconds .

========================================================================
Received Import Request.
  Time since last request: 522.449637 seconds.
  path: Assets/Settings/ForwardRenderer.asset
  artifactKey: Guid(4a8e21d5c33334b11b34a596161b9360) Importer(815301076,1909f56bfc062723c751e8b465ee728b)
Start importing Assets/Settings/ForwardRenderer.asset using Guid(4a8e21d5c33334b11b34a596161b9360) Importer(815301076,1909f56bfc062723c751e8b465ee728b)  -> (artifact id: '91df757b4a76346849d45dbb25ec7388') in 0.009240 seconds
  Import took 0.016887 seconds .

========================================================================
Received Import Request.
  Time since last request: 0.000320 seconds.
  path: Assets/Settings/SampleSceneProfile.asset
  artifactKey: Guid(10fc4df2da32a41aaa32d77bc913491c) Importer(815301076,1909f56bfc062723c751e8b465ee728b)
Start importing Assets/Settings/SampleSceneProfile.asset using Guid(10fc4df2da32a41aaa32d77bc913491c) Importer(815301076,1909f56bfc062723c751e8b465ee728b)  -> (artifact id: 'f1d7597aa52dccd7f360a4e03a3d6771') in 0.010590 seconds
  Import took 0.016379 seconds .

========================================================================
Received Import Request.
  Time since last request: 0.000277 seconds.
  path: Assets/Settings/UniversalRP-LowQuality.asset
  artifactKey: Guid(a31e9f9f9c9d4b9429ed0d1234e22103) Importer(815301076,1909f56bfc062723c751e8b465ee728b)
Start importing Assets/Settings/UniversalRP-LowQuality.asset using Guid(a31e9f9f9c9d4b9429ed0d1234e22103) Importer(815301076,1909f56bfc062723c751e8b465ee728b)  -> (artifact id: '05285f7b1ade236b88e3d89e5d5a3a79') in 0.010568 seconds
  Import took 0.016864 seconds .

========================================================================
Received Import Request.
  Time since last request: 0.000267 seconds.
  path: Assets/Settings/UniversalRP-MediumQuality.asset
  artifactKey: Guid(d847b876476d3d6468f5dfcd34266f96) Importer(815301076,1909f56bfc062723c751e8b465ee728b)
Start importing Assets/Settings/UniversalRP-MediumQuality.asset using Guid(d847b876476d3d6468f5dfcd34266f96) Importer(815301076,1909f56bfc062723c751e8b465ee728b)  -> (artifact id: '905dd3c86e4120b5543f3e6ea6433f5a') in 0.010516 seconds
  Import took 0.018294 seconds .

========================================================================
Received Import Request.
  Time since last request: 0.000214 seconds.
  path: Assets/Settings/UniversalRP-HighQuality.asset
  artifactKey: Guid(19ba41d7c0026c3459d37c2fe90c55a0) Importer(815301076,1909f56bfc062723c751e8b465ee728b)
Start importing Assets/Settings/UniversalRP-HighQuality.asset using Guid(19ba41d7c0026c3459d37c2fe90c55a0) Importer(815301076,1909f56bfc062723c751e8b465ee728b)  -> (artifact id: '48ccff5f7f76c6066e22a96e41acaa52') in 0.010421 seconds
  Import took 0.017940 seconds .

========================================================================
Received Import Request.
  Time since last request: 1.768330 seconds.
  path: Assets/Scripts/FableCraft3
  artifactKey: Guid(572bf4713e6a48d4789c961426876496) Importer(815301076,1909f56bfc062723c751e8b465ee728b)
Start importing Assets/Scripts/FableCraft3 using Guid(572bf4713e6a48d4789c961426876496) Importer(815301076,1909f56bfc062723c751e8b465ee728b)  -> (artifact id: '66d57fbc0c1e6a133009586bfce1084d') in 0.007799 seconds
  Import took 0.014621 seconds .

========================================================================
Received Import Request.
  Time since last request: 1.246547 seconds.
  path: Assets/Scripts/FableCraft3/Editor
  artifactKey: Guid(8425a2b5ca169464abf78efcca15e56e) Importer(815301076,1909f56bfc062723c751e8b465ee728b)
Start importing Assets/Scripts/FableCraft3/Editor using Guid(8425a2b5ca169464abf78efcca15e56e) Importer(815301076,1909f56bfc062723c751e8b465ee728b)  -> (artifact id: '218fd9be11eb71b576e906a6b315bfbc') in 0.009931 seconds
  Import took 0.017059 seconds .

========================================================================
Received Import Request.
  Time since last request: 4.890524 seconds.
  path: Assets/Scripts/FableCraft3/Editor/FableCraftManager.cs
  artifactKey: Guid(5a520dfa82c221645a1d87b37107ab64) Importer(815301076,1909f56bfc062723c751e8b465ee728b)
Start importing Assets/Scripts/FableCraft3/Editor/FableCraftManager.cs using Guid(5a520dfa82c221645a1d87b37107ab64) Importer(815301076,1909f56bfc062723c751e8b465ee728b)  -> (artifact id: '9844aee1cf4f585d564e3fd6ab001514') in 0.012379 seconds
  Import took 0.021285 seconds .

========================================================================
Received Import Request.
  Time since last request: 0.003898 seconds.
  path: Assets/Scripts/FableCraft3/Editor/FableCraftManager.cs
  artifactKey: Guid(5a520dfa82c221645a1d87b37107ab64) Importer(815301076,1909f56bfc062723c751e8b465ee728b)
Start importing Assets/Scripts/FableCraft3/Editor/FableCraftManager.cs using Guid(5a520dfa82c221645a1d87b37107ab64) Importer(815301076,1909f56bfc062723c751e8b465ee728b)  -> (artifact id: '9844aee1cf4f585d564e3fd6ab001514') in 0.003272 seconds
  Import took 0.011307 seconds .

========================================================================
Received Import Request.
  Time since last request: 14.697971 seconds.
  path: Assets/Resources/Template/SampleScene.unity
  artifactKey: Guid(d1c3109bdb54ad54c8a2b2838528e640) Importer(815301076,1909f56bfc062723c751e8b465ee728b)
Start importing Assets/Resources/Template/SampleScene.unity using Guid(d1c3109bdb54ad54c8a2b2838528e640) Importer(815301076,1909f56bfc062723c751e8b465ee728b)  -> (artifact id: '30178949a5942fd4f8d73fd3ce58e8e1') in 0.010322 seconds
  Import took 0.016321 seconds .

========================================================================
Received Import Request.
  Time since last request: 3.623598 seconds.
  path: Assets/Resources/Template/MenuTemplate.unity
  artifactKey: Guid(da8e2588ffb425b49b9129ce0bb15501) Importer(815301076,1909f56bfc062723c751e8b465ee728b)
Start importing Assets/Resources/Template/MenuTemplate.unity using Guid(da8e2588ffb425b49b9129ce0bb15501) Importer(815301076,1909f56bfc062723c751e8b465ee728b)  -> (artifact id: '0df61cb46907ac0d237927d7454ef9d6') in 0.008142 seconds
  Import took 0.014502 seconds .

========================================================================
Received Import Request.
  Time since last request: 5.139946 seconds.
  path: Assets/Scenes/Scene1.unity
  artifactKey: Guid(5470ef793a653bc40a0908b3b3876696) Importer(815301076,1909f56bfc062723c751e8b465ee728b)
Start importing Assets/Scenes/Scene1.unity using Guid(5470ef793a653bc40a0908b3b3876696) Importer(815301076,1909f56bfc062723c751e8b465ee728b)  -> (artifact id: 'dca78e449f4f9e827f2f58f625763c09') in 0.006683 seconds
  Import took 0.012516 seconds .

========================================================================
Received Import Request.
  Time since last request: 17.647309 seconds.
  path: Assets/ThirdParty/Fungus/Audio/Click.wav
  artifactKey: Guid(c18ae2c530c264a6880266d5e0a71337) Importer(815301076,1909f56bfc062723c751e8b465ee728b)
Start importing Assets/ThirdParty/Fungus/Audio/Click.wav using Guid(c18ae2c530c264a6880266d5e0a71337) Importer(815301076,1909f56bfc062723c751e8b465ee728b)  -> (artifact id: '41a03de22fa697db1975205b75c50cc4') in 0.112809 seconds
  Import took 0.118572 seconds .

========================================================================
Received Import Request.
  Time since last request: 0.000273 seconds.
  path: Assets/ThirdParty/Fungus/Audio/HighVoice.wav
  artifactKey: Guid(774486030b696474e8b3cf7f178123da) Importer(815301076,1909f56bfc062723c751e8b465ee728b)
Start importing Assets/ThirdParty/Fungus/Audio/HighVoice.wav using Guid(774486030b696474e8b3cf7f178123da) Importer(815301076,1909f56bfc062723c751e8b465ee728b)  -> (artifact id: 'c26fd4bacf24316f59bf96227d5572bc') in 0.013220 seconds
  Import took 0.019044 seconds .

========================================================================
Received Import Request.
  Time since last request: 0.000194 seconds.
  path: Assets/ThirdParty/Fungus/Audio/LowVoice.wav
  artifactKey: Guid(c53b7c20372e444c6bd7f2ac0729bbe2) Importer(815301076,1909f56bfc062723c751e8b465ee728b)
Start importing Assets/ThirdParty/Fungus/Audio/LowVoice.wav using Guid(c53b7c20372e444c6bd7f2ac0729bbe2) Importer(815301076,1909f56bfc062723c751e8b465ee728b)  -> (artifact id: 'ec374a3b93099e9746202bd21b23ce3f') in 0.015926 seconds
  Import took 0.022422 seconds .

========================================================================
Received Import Request.
  Time since last request: 0.000199 seconds.
  path: Assets/ThirdParty/Fungus/Audio/MidVoice.wav
  artifactKey: Guid(f637c5ce9d10e45c7855ed89bfc6b97e) Importer(815301076,1909f56bfc062723c751e8b465ee728b)
Start importing Assets/ThirdParty/Fungus/Audio/MidVoice.wav using Guid(f637c5ce9d10e45c7855ed89bfc6b97e) Importer(815301076,1909f56bfc062723c751e8b465ee728b)  -> (artifact id: 'ab8cd3d823cebcee60acb2953140283d') in 0.032896 seconds
  Import took 0.041546 seconds .

========================================================================
Received Import Request.
  Time since last request: 0.000299 seconds.
  path: Assets/ThirdParty/Fungus/Audio/Click2.wav
  artifactKey: Guid(14a396b1562834718b2d52b9c4639264) Importer(815301076,1909f56bfc062723c751e8b465ee728b)
Start importing Assets/ThirdParty/Fungus/Audio/Click2.wav using Guid(14a396b1562834718b2d52b9c4639264) Importer(815301076,1909f56bfc062723c751e8b465ee728b)  -> (artifact id: 'caa0b981b8331fe7389def22e0eaafe4') in 0.013795 seconds
  Import took 0.019990 seconds .

========================================================================
Received Import Request.
  Time since last request: 8.911981 seconds.
  path: Assets/ThirdParty/Fungus/Resources/Prefabs/AudioTag.prefab
  artifactKey: Guid(8a19432eef4e44247949edb78c590f64) Importer(815301076,1909f56bfc062723c751e8b465ee728b)
Start importing Assets/ThirdParty/Fungus/Resources/Prefabs/AudioTag.prefab using Guid(8a19432eef4e44247949edb78c590f64) Importer(815301076,1909f56bfc062723c751e8b465ee728b)  -> (artifact id: '3c269be531027aca0ea87e84f864f50f') in 0.010322 seconds
  Import took 0.017228 seconds .

========================================================================
Received Import Request.
  Time since last request: 0.000295 seconds.
  path: Assets/ThirdParty/Fungus/Resources/Prefabs/Character.prefab
  artifactKey: Guid(b20518d45890e4be59ba82946f88026c) Importer(815301076,1909f56bfc062723c751e8b465ee728b)
Start importing Assets/ThirdParty/Fungus/Resources/Prefabs/Character.prefab using Guid(b20518d45890e4be59ba82946f88026c) Importer(815301076,1909f56bfc062723c751e8b465ee728b)  -> (artifact id: 'fec57e8208bcd59516e13a01b5739aac') in 0.009188 seconds
  Import took 0.014427 seconds .

========================================================================
Received Import Request.
  Time since last request: 0.000263 seconds.
  path: Assets/ThirdParty/Fungus/Resources/Prefabs/ClickableSprite.prefab
  artifactKey: Guid(0e6bcf37a2876432fa58eff8888bf177) Importer(815301076,1909f56bfc062723c751e8b465ee728b)
Start importing Assets/ThirdParty/Fungus/Resources/Prefabs/ClickableSprite.prefab using Guid(0e6bcf37a2876432fa58eff8888bf177) Importer(815301076,1909f56bfc062723c751e8b465ee728b)  -> (artifact id: 'f44b2da31feb8d040018b3dc14e054d2') in 0.024785 seconds
  Import took 0.030475 seconds .

========================================================================
Received Import Request.
  Time since last request: 0.000206 seconds.
  path: Assets/ThirdParty/Fungus/Resources/Prefabs/Localization.prefab
  artifactKey: Guid(ffbd0831d997545eab75c364da082c1b) Importer(815301076,1909f56bfc062723c751e8b465ee728b)
Start importing Assets/ThirdParty/Fungus/Resources/Prefabs/Localization.prefab using Guid(ffbd0831d997545eab75c364da082c1b) Importer(815301076,1909f56bfc062723c751e8b465ee728b)  -> (artifact id: '9dc99c53eeacb496b738be628ec0486c') in 0.009519 seconds
  Import took 0.017922 seconds .

========================================================================
Received Import Request.
  Time since last request: 0.000269 seconds.
  path: Assets/ThirdParty/Fungus/Resources/Prefabs/MenuDialog.prefab
  artifactKey: Guid(9bb64c8df70904eecac3f71f81bf339b) Importer(815301076,1909f56bfc062723c751e8b465ee728b)
Start importing Assets/ThirdParty/Fungus/Resources/Prefabs/MenuDialog.prefab using Guid(9bb64c8df70904eecac3f71f81bf339b) Importer(815301076,1909f56bfc062723c751e8b465ee728b)  -> (artifact id: '81a760177ab5ecfb344ae3875258c49c') in 0.042152 seconds
  Import took 0.047609 seconds .

========================================================================
Received Import Request.
  Time since last request: 0.000311 seconds.
  path: Assets/ThirdParty/Fungus/Resources/Prefabs/StagePosition.prefab
  artifactKey: Guid(7a4c270a5c18f6549a7683844dbf9f22) Importer(815301076,1909f56bfc062723c751e8b465ee728b)
Start importing Assets/ThirdParty/Fungus/Resources/Prefabs/StagePosition.prefab using Guid(7a4c270a5c18f6549a7683844dbf9f22) Importer(815301076,1909f56bfc062723c751e8b465ee728b)  -> (artifact id: 'cebadf68e1fffa88e1f95e643140d58b') in 0.011794 seconds
  Import took 0.016992 seconds .

========================================================================
Received Import Request.
  Time since last request: 0.000275 seconds.
  path: Assets/ThirdParty/Fungus/Resources/Prefabs/SayDialog.prefab
  artifactKey: Guid(8a005a9e0713f4cc1b5ad29fb07657d3) Importer(815301076,1909f56bfc062723c751e8b465ee728b)
Start importing Assets/ThirdParty/Fungus/Resources/Prefabs/SayDialog.prefab using Guid(8a005a9e0713f4cc1b5ad29fb07657d3) Importer(815301076,1909f56bfc062723c751e8b465ee728b)  -> (artifact id: 'fab446a6d1e53255bcca9749a2413ffe') in 0.019153 seconds
  Import took 0.026007 seconds .

========================================================================
Received Import Request.
  Time since last request: 0.000250 seconds.
  path: Assets/ThirdParty/Fungus/Resources/Prefabs/NarrativeLogEntryDisplay.prefab
  artifactKey: Guid(243a94cf6d8dda84f8351f4289587571) Importer(815301076,1909f56bfc062723c751e8b465ee728b)
Start importing Assets/ThirdParty/Fungus/Resources/Prefabs/NarrativeLogEntryDisplay.prefab using Guid(243a94cf6d8dda84f8351f4289587571) Importer(815301076,1909f56bfc062723c751e8b465ee728b)  -> (artifact id: '1353351bb84b64dd74c79d1a174065b3') in 0.020592 seconds
  Import took 0.027188 seconds .

========================================================================
Received Import Request.
  Time since last request: 0.000214 seconds.
  path: Assets/ThirdParty/Fungus/Resources/Prefabs/NarrativeLog.prefab
  artifactKey: Guid(bffd475e4bfb82f49810ceafe8d17b78) Importer(815301076,1909f56bfc062723c751e8b465ee728b)
Start importing Assets/ThirdParty/Fungus/Resources/Prefabs/NarrativeLog.prefab using Guid(bffd475e4bfb82f49810ceafe8d17b78) Importer(815301076,1909f56bfc062723c751e8b465ee728b)  -> (artifact id: '5ca5e460dd8bab53fadb7bb9c4c56f5b') in 0.011145 seconds
  Import took 0.016349 seconds .

========================================================================
Received Import Request.
  Time since last request: 0.000228 seconds.
  path: Assets/ThirdParty/Fungus/Resources/Prefabs/Tag.prefab
  artifactKey: Guid(8345c33c7c8ada64083f41d452b315eb) Importer(815301076,1909f56bfc062723c751e8b465ee728b)
Start importing Assets/ThirdParty/Fungus/Resources/Prefabs/Tag.prefab using Guid(8345c33c7c8ada64083f41d452b315eb) Importer(815301076,1909f56bfc062723c751e8b465ee728b)  -> (artifact id: '9c67ccc83edd1afef27e6f5de9728c5a') in 0.008653 seconds
  Import took 0.015478 seconds .

========================================================================
Received Import Request.
  Time since last request: 0.000199 seconds.
  path: Assets/ThirdParty/Fungus/Resources/Prefabs/ParallaxSprite.prefab
  artifactKey: Guid(fbafb8431307c42c9b1bfb9b27f6bd98) Importer(815301076,1909f56bfc062723c751e8b465ee728b)
Start importing Assets/ThirdParty/Fungus/Resources/Prefabs/ParallaxSprite.prefab using Guid(fbafb8431307c42c9b1bfb9b27f6bd98) Importer(815301076,1909f56bfc062723c751e8b465ee728b)  -> (artifact id: 'a7aaa28cfba85bb58d2de38fa2ca56c6') in 0.028725 seconds
  Import took 0.035422 seconds .

========================================================================
Received Import Request.
  Time since last request: 0.000210 seconds.
  path: Assets/ThirdParty/Fungus/Resources/Prefabs/FungusLogo.prefab
  artifactKey: Guid(613b99a82fe95405db46062e1c071434) Importer(815301076,1909f56bfc062723c751e8b465ee728b)
Start importing Assets/ThirdParty/Fungus/Resources/Prefabs/FungusLogo.prefab using Guid(613b99a82fe95405db46062e1c071434) Importer(815301076,1909f56bfc062723c751e8b465ee728b)  -> (artifact id: '25c20d9471510d9958845a4046723fbc') in 0.070175 seconds
  Import took 0.079627 seconds .

========================================================================
Received Import Request.
  Time since last request: 0.000383 seconds.
  path: Assets/ThirdParty/Fungus/Resources/Prefabs/SaveData.prefab
  artifactKey: Guid(eae76c041b933476bbe9bdd4c3d80793) Importer(815301076,1909f56bfc062723c751e8b465ee728b)
Start importing Assets/ThirdParty/Fungus/Resources/Prefabs/SaveData.prefab using Guid(eae76c041b933476bbe9bdd4c3d80793) Importer(815301076,1909f56bfc062723c751e8b465ee728b)  -> (artifact id: 'ee773fdd715447719ddbcbc6ce89f39c') in 0.014967 seconds
  Import took 0.025297 seconds .

========================================================================
Received Import Request.
  Time since last request: 0.000230 seconds.
  path: Assets/ThirdParty/Fungus/Resources/Prefabs/SaveMenu.prefab
  artifactKey: Guid(bd2b99773f3e0489aae9f9b5053ad360) Importer(815301076,1909f56bfc062723c751e8b465ee728b)
Start importing Assets/ThirdParty/Fungus/Resources/Prefabs/SaveMenu.prefab using Guid(bd2b99773f3e0489aae9f9b5053ad360) Importer(815301076,1909f56bfc062723c751e8b465ee728b)  -> (artifact id: 'dbc6760ef90d4108f43f795803e826cd') in 0.018193 seconds
  Import took 0.028418 seconds .

========================================================================
Received Import Request.
  Time since last request: 0.000237 seconds.
  path: Assets/ThirdParty/Fungus/Resources/Prefabs/View.prefab
  artifactKey: Guid(e0d427add844a4d9faf970a3afa07583) Importer(815301076,1909f56bfc062723c751e8b465ee728b)
Start importing Assets/ThirdParty/Fungus/Resources/Prefabs/View.prefab using Guid(e0d427add844a4d9faf970a3afa07583) Importer(815301076,1909f56bfc062723c751e8b465ee728b)  -> (artifact id: '79e73a3f15f0bf966afccb001cade863') in 0.012210 seconds
  Import took 0.020863 seconds .

========================================================================
Received Import Request.
  Time since last request: 0.000212 seconds.
  path: Assets/ThirdParty/Fungus/Resources/Prefabs/EventSystem.prefab
  artifactKey: Guid(6ba8287b46c1545a789e1b569cad35eb) Importer(815301076,1909f56bfc062723c751e8b465ee728b)
Start importing Assets/ThirdParty/Fungus/Resources/Prefabs/EventSystem.prefab using Guid(6ba8287b46c1545a789e1b569cad35eb) Importer(815301076,1909f56bfc062723c751e8b465ee728b)  -> (artifact id: '1e6a57304f7739bec11ab88e3cf5da7c') in 0.016903 seconds
  Import took 0.025424 seconds .

========================================================================
Received Import Request.
  Time since last request: 0.000204 seconds.
  path: Assets/ThirdParty/Fungus/Resources/Prefabs/DraggableSprite.prefab
  artifactKey: Guid(4d55f86cf3b124c8fb1158da26ffa96d) Importer(815301076,1909f56bfc062723c751e8b465ee728b)
Start importing Assets/ThirdParty/Fungus/Resources/Prefabs/DraggableSprite.prefab using Guid(4d55f86cf3b124c8fb1158da26ffa96d) Importer(815301076,1909f56bfc062723c751e8b465ee728b)  -> (artifact id: '4a44b2df65be3e2429101e2185c11599') in 0.017846 seconds
  Import took 0.026577 seconds .

========================================================================
Received Import Request.
  Time since last request: 0.000208 seconds.
  path: Assets/ThirdParty/Fungus/Resources/Prefabs/Stage.prefab
  artifactKey: Guid(c6289d5f8fa843145a2355af9cb09719) Importer(815301076,1909f56bfc062723c751e8b465ee728b)
Start importing Assets/ThirdParty/Fungus/Resources/Prefabs/Stage.prefab using Guid(c6289d5f8fa843145a2355af9cb09719) Importer(815301076,1909f56bfc062723c751e8b465ee728b)  -> (artifact id: '755ca231812091ce725a7cbb27128c9c') in 0.013000 seconds
  Import took 0.023696 seconds .

========================================================================
Received Import Request.
  Time since last request: 0.000188 seconds.
  path: Assets/ThirdParty/Fungus/Resources/Prefabs/DragTargetSprite.prefab
  artifactKey: Guid(4442b79fcbcbb4aac97f42d6dc3d4e0b) Importer(815301076,1909f56bfc062723c751e8b465ee728b)
Start importing Assets/ThirdParty/Fungus/Resources/Prefabs/DragTargetSprite.prefab using Guid(4442b79fcbcbb4aac97f42d6dc3d4e0b) Importer(815301076,1909f56bfc062723c751e8b465ee728b)  -> (artifact id: 'f56c009e25a852e5934ddbe09b1ff0ae') in 0.016074 seconds
  Import took 0.022732 seconds .

========================================================================
Received Import Request.
  Time since last request: 0.000244 seconds.
  path: Assets/ThirdParty/Fungus/Resources/Prefabs/Flowchart.prefab
  artifactKey: Guid(5e7fbc8d4eb714b279eeeef2262c1e1a) Importer(815301076,1909f56bfc062723c751e8b465ee728b)
Start importing Assets/ThirdParty/Fungus/Resources/Prefabs/Flowchart.prefab using Guid(5e7fbc8d4eb714b279eeeef2262c1e1a) Importer(815301076,1909f56bfc062723c751e8b465ee728b)  -> (artifact id: 'abdcce5884c9c4bffe580474686a3086') in 0.013488 seconds
  Import took 0.021940 seconds .

========================================================================
Received Import Request.
  Time since last request: 1.875707 seconds.
  path: Assets/ThirdParty/Fungus/Resources/Sprites/Background.png
  artifactKey: Guid(78bc8db714c3749cc8bd8c0b7e525b85) Importer(815301076,1909f56bfc062723c751e8b465ee728b)
Start importing Assets/ThirdParty/Fungus/Resources/Sprites/Background.png using Guid(78bc8db714c3749cc8bd8c0b7e525b85) Importer(815301076,1909f56bfc062723c751e8b465ee728b)  -> (artifact id: 'a246cf026ed09b594c728369dbfcf9de') in 0.058430 seconds
  Import took 0.064141 seconds .

========================================================================
Received Import Request.
  Time since last request: 0.000268 seconds.
  path: Assets/ThirdParty/Fungus/Resources/Sprites/MousePointer.png
  artifactKey: Guid(502e0c9b755f34db0b90bf78857d8a1c) Importer(815301076,1909f56bfc062723c751e8b465ee728b)
Start importing Assets/ThirdParty/Fungus/Resources/Sprites/MousePointer.png using Guid(502e0c9b755f34db0b90bf78857d8a1c) Importer(815301076,1909f56bfc062723c751e8b465ee728b)  -> (artifact id: '69dda48dd887d16eeb2c9d48f193a950') in 0.018363 seconds
  Import took 0.023911 seconds .

========================================================================
Received Import Request.
  Time since last request: 0.000221 seconds.
  path: Assets/ThirdParty/Fungus/Resources/Sprites/HandPointer.png
  artifactKey: Guid(22eb050bacf8c401ca8503e24bff3570) Importer(815301076,1909f56bfc062723c751e8b465ee728b)
Start importing Assets/ThirdParty/Fungus/Resources/Sprites/HandPointer.png using Guid(22eb050bacf8c401ca8503e24bff3570) Importer(815301076,1909f56bfc062723c751e8b465ee728b)  -> (artifact id: '89207a06248c94a4ffc1eec9b6413549') in 0.042059 seconds
  Import took 0.047979 seconds .

========================================================================
Received Prepare
Registering precompiled user dll's ...
Registered in 0.007805 seconds.
Begin MonoManager ReloadAssembly
Native extension for WindowsStandalone target not found
Native extension for WebGL target not found
Refreshing native plugins compatible for Editor in 0.56 ms, found 2 plugins.
Preloading 0 native plugins for Editor in 0.00 ms.
Mono: successfully reloaded assembly
- Completed reload, in  1.207 seconds
Platform modules already initialized, skipping
Shader 'Universal Render Pipeline/Particles/Lit': fallback shader 'Universal Render Pipeline/Particles/SimpleLit' not found
Refreshing native plugins compatible for Editor in 0.67 ms, found 2 plugins.
Preloading 0 native plugins for Editor in 0.00 ms.
Unloading 3346 Unused Serialized files (Serialized files now loaded: 0)
System memory in use before: 141.7 MB.
System memory in use after: 141.9 MB.

Unloading 17 unused Assets to reduce memory usage. Loaded Objects now: 3991.
Total: 2.934000 ms (FindLiveObjects: 0.399300 ms CreateObjectMapping: 0.171600 ms MarkObjects: 2.312800 ms  DeleteObjects: 0.048700 ms)

========================================================================
Received Import Request.
  Time since last request: 1524.059659 seconds.
  path: Assets/Scenes/Menu.unity
  artifactKey: Guid(3d30da2f6936d634b8c5595c695322ff) Importer(815301076,1909f56bfc062723c751e8b465ee728b)
Start importing Assets/Scenes/Menu.unity using Guid(3d30da2f6936d634b8c5595c695322ff) Importer(815301076,1909f56bfc062723c751e8b465ee728b)  -> (artifact id: '9a94bb68e7ef12392735b7354ec8a7f3') in 0.019318 seconds
  Import took 0.025162 seconds .

========================================================================
Received Import Request.
  Time since last request: 41.350354 seconds.
  path: Assets/Scenes/Scene2.unity
  artifactKey: Guid(8ecfbfc52e48d4e47b3df14057d788d6) Importer(815301076,1909f56bfc062723c751e8b465ee728b)
Start importing Assets/Scenes/Scene2.unity using Guid(8ecfbfc52e48d4e47b3df14057d788d6) Importer(815301076,1909f56bfc062723c751e8b465ee728b)  -> (artifact id: 'cdc749cc26c61ac133c5957811a9a755') in 0.007343 seconds
  Import took 0.013586 seconds .

========================================================================
Received Import Request.
  Time since last request: 35.126876 seconds.
  path: Assets/Scenes/Scene1.unity
  artifactKey: Guid(5470ef793a653bc40a0908b3b3876696) Importer(815301076,1909f56bfc062723c751e8b465ee728b)
Start importing Assets/Scenes/Scene1.unity using Guid(5470ef793a653bc40a0908b3b3876696) Importer(815301076,1909f56bfc062723c751e8b465ee728b)  -> (artifact id: 'a67745411a353efa14bf5c2774945ab6') in 0.003298 seconds
  Import took 0.008796 seconds .

========================================================================
Received Prepare
Registering precompiled user dll's ...
Registered in 0.007356 seconds.
Begin MonoManager ReloadAssembly
Native extension for WindowsStandalone target not found
Native extension for WebGL target not found
Refreshing native plugins compatible for Editor in 0.58 ms, found 2 plugins.
Preloading 0 native plugins for Editor in 0.00 ms.
Mono: successfully reloaded assembly
- Completed reload, in  1.261 seconds
Platform modules already initialized, skipping
Shader 'Universal Render Pipeline/Particles/Lit': fallback shader 'Universal Render Pipeline/Particles/SimpleLit' not found
Refreshing native plugins compatible for Editor in 0.63 ms, found 2 plugins.
Preloading 0 native plugins for Editor in 0.00 ms.
Unloading 3344 Unused Serialized files (Serialized files now loaded: 0)
System memory in use before: 141.7 MB.
System memory in use after: 141.9 MB.

Unloading 14 unused Assets to reduce memory usage. Loaded Objects now: 3994.
Total: 4.963500 ms (FindLiveObjects: 0.588700 ms CreateObjectMapping: 0.325900 ms MarkObjects: 4.023700 ms  DeleteObjects: 0.023700 ms)

========================================================================
Received Import Request.
  Time since last request: 162.414163 seconds.
  path: Assets/Scenes/Scene1.unity
  artifactKey: Guid(5470ef793a653bc40a0908b3b3876696) Importer(815301076,1909f56bfc062723c751e8b465ee728b)
Start importing Assets/Scenes/Scene1.unity using Guid(5470ef793a653bc40a0908b3b3876696) Importer(815301076,1909f56bfc062723c751e8b465ee728b)  -> (artifact id: 'bb0836e41fdd12538d53d1e01b5ec94b') in 0.016610 seconds
  Import took 0.022526 seconds .

========================================================================
Received Import Request.
  Time since last request: 773.596167 seconds.
  path: Assets/ThirdParty/Fungus/Textures/ContinueIcon.png
  artifactKey: Guid(226248ac6f184e448af731df91b91958) Importer(815301076,1909f56bfc062723c751e8b465ee728b)
Start importing Assets/ThirdParty/Fungus/Textures/ContinueIcon.png using Guid(226248ac6f184e448af731df91b91958) Importer(815301076,1909f56bfc062723c751e8b465ee728b)  -> (artifact id: 'ff5e471583b593f07a6844bb7952a6ab') in 0.068993 seconds
  Import took 0.076584 seconds .

========================================================================
Received Import Request.
  Time since last request: 0.000225 seconds.
  path: Assets/ThirdParty/Fungus/Textures/OptionButtonDisabled.png
  artifactKey: Guid(49d5ccdda7b99e24787c2abc3891294c) Importer(815301076,1909f56bfc062723c751e8b465ee728b)
Start importing Assets/ThirdParty/Fungus/Textures/OptionButtonDisabled.png using Guid(49d5ccdda7b99e24787c2abc3891294c) Importer(815301076,1909f56bfc062723c751e8b465ee728b)  -> (artifact id: '8f1b529d68bc025b0a86fe5574d5b687') in 0.014859 seconds
  Import took 0.022506 seconds .

========================================================================
Received Import Request.
  Time since last request: 0.000259 seconds.
  path: Assets/ThirdParty/Fungus/Textures/CreatedWith.psd
  artifactKey: Guid(7adcbbe62d6554d81affcab2c56ad5ac) Importer(815301076,1909f56bfc062723c751e8b465ee728b)
Start importing Assets/ThirdParty/Fungus/Textures/CreatedWith.psd using Guid(7adcbbe62d6554d81affcab2c56ad5ac) Importer(815301076,1909f56bfc062723c751e8b465ee728b)  -> (artifact id: 'db27c3fa3cd4c9b22926cb2f3a52909c') in 0.026689 seconds
  Import took 0.033905 seconds .

========================================================================
Received Import Request.
  Time since last request: 0.000200 seconds.
  path: Assets/ThirdParty/Fungus/Textures/OptionButtonPressed.png
  artifactKey: Guid(2e33a3f531b6adc4f9d8a99c83e2ba2d) Importer(815301076,1909f56bfc062723c751e8b465ee728b)
Start importing Assets/ThirdParty/Fungus/Textures/OptionButtonPressed.png using Guid(2e33a3f531b6adc4f9d8a99c83e2ba2d) Importer(815301076,1909f56bfc062723c751e8b465ee728b)  -> (artifact id: 'e8b435d0a8e0116ea973150b561a49b9') in 0.014467 seconds
  Import took 0.020629 seconds .

========================================================================
Received Import Request.
  Time since last request: 0.000182 seconds.
  path: Assets/ThirdParty/Fungus/Textures/OptionButton.png
  artifactKey: Guid(c207de86481ff7d48a2fba2fcc374723) Importer(815301076,1909f56bfc062723c751e8b465ee728b)
Start importing Assets/ThirdParty/Fungus/Textures/OptionButton.png using Guid(c207de86481ff7d48a2fba2fcc374723) Importer(815301076,1909f56bfc062723c751e8b465ee728b)  -> (artifact id: 'd1e6305c36046255cb7a498f8042aac8') in 0.015444 seconds
  Import took 0.021508 seconds .

========================================================================
Received Import Request.
  Time since last request: 0.000188 seconds.
  path: Assets/ThirdParty/Fungus/Textures/DialogBox.png
  artifactKey: Guid(eeb00f6cd27e9ef4d9174551b3342dec) Importer(815301076,1909f56bfc062723c751e8b465ee728b)
Start importing Assets/ThirdParty/Fungus/Textures/DialogBox.png using Guid(eeb00f6cd27e9ef4d9174551b3342dec) Importer(815301076,1909f56bfc062723c751e8b465ee728b)  -> (artifact id: '83117cbe62021f6032c3074accd892a2') in 0.028342 seconds
  Import took 0.035467 seconds .

========================================================================
Received Import Request.
  Time since last request: 0.000237 seconds.
  path: Assets/ThirdParty/Fungus/Textures/rewind.png
  artifactKey: Guid(62573ea76cbf34643bf28a259a6c901c) Importer(815301076,1909f56bfc062723c751e8b465ee728b)
Start importing Assets/ThirdParty/Fungus/Textures/rewind.png using Guid(62573ea76cbf34643bf28a259a6c901c) Importer(815301076,1909f56bfc062723c751e8b465ee728b)  -> (artifact id: 'cab8101f6c8f0d29cedb0a0d00759ce6') in 0.021112 seconds
  Import took 0.029345 seconds .

========================================================================
Received Import Request.
  Time since last request: 0.000195 seconds.
  path: Assets/ThirdParty/Fungus/Textures/Mushroom.png
  artifactKey: Guid(ea8f56c43254d41728f5ac4e8299b6c9) Importer(815301076,1909f56bfc062723c751e8b465ee728b)
Start importing Assets/ThirdParty/Fungus/Textures/Mushroom.png using Guid(ea8f56c43254d41728f5ac4e8299b6c9) Importer(815301076,1909f56bfc062723c751e8b465ee728b)  -> (artifact id: 'f151d88899b17bfecbeaf806f2d56a4c') in 0.018416 seconds
  Import took 0.024772 seconds .

========================================================================
Received Import Request.
  Time since last request: 0.000194 seconds.
  path: Assets/ThirdParty/Fungus/Textures/HistoryIcon.png
  artifactKey: Guid(94b4465d12d983b45a5c1af59318e72e) Importer(815301076,1909f56bfc062723c751e8b465ee728b)
Start importing Assets/ThirdParty/Fungus/Textures/HistoryIcon.png using Guid(94b4465d12d983b45a5c1af59318e72e) Importer(815301076,1909f56bfc062723c751e8b465ee728b)  -> (artifact id: '5dd9a58761aae2be4b8b0421213da672') in 0.028798 seconds
  Import took 0.037395 seconds .

========================================================================
Received Import Request.
  Time since last request: 0.000193 seconds.
  path: Assets/ThirdParty/Fungus/Textures/menu.png
  artifactKey: Guid(240416d45df4c6c4daec987220246861) Importer(815301076,1909f56bfc062723c751e8b465ee728b)
Start importing Assets/ThirdParty/Fungus/Textures/menu.png using Guid(240416d45df4c6c4daec987220246861) Importer(815301076,1909f56bfc062723c751e8b465ee728b)  -> (artifact id: 'e1bedce577312d437754159726ffe627') in 0.026510 seconds
  Import took 0.033714 seconds .

========================================================================
Received Import Request.
  Time since last request: 0.000228 seconds.
  path: Assets/ThirdParty/Fungus/Textures/FungusLogo.png
  artifactKey: Guid(1b656a189e6154422a74e05a56c3f245) Importer(815301076,1909f56bfc062723c751e8b465ee728b)
Start importing Assets/ThirdParty/Fungus/Textures/FungusLogo.png using Guid(1b656a189e6154422a74e05a56c3f245) Importer(815301076,1909f56bfc062723c751e8b465ee728b)  -> (artifact id: 'a53030f18a2400b4d9446684a94efbbb') in 0.048320 seconds
  Import took 0.059515 seconds .

========================================================================
Received Import Request.
  Time since last request: 0.000318 seconds.
  path: Assets/ThirdParty/Fungus/Textures/DialogBoxSliced.png
  artifactKey: Guid(e8ab00ef0d9684dcb9deb52811d91218) Importer(815301076,1909f56bfc062723c751e8b465ee728b)
Start importing Assets/ThirdParty/Fungus/Textures/DialogBoxSliced.png using Guid(e8ab00ef0d9684dcb9deb52811d91218) Importer(815301076,1909f56bfc062723c751e8b465ee728b)  -> (artifact id: '6bb34966613af51366e41dab22c26724') in 0.049451 seconds
  Import took 0.062521 seconds .

========================================================================
Received Import Request.
  Time since last request: 0.000251 seconds.
  path: Assets/ThirdParty/Fungus/Textures/OptionButtonHighlighted.png
  artifactKey: Guid(888feb4a32e3b564fb7e6f9b28cc8e10) Importer(815301076,1909f56bfc062723c751e8b465ee728b)
Start importing Assets/ThirdParty/Fungus/Textures/OptionButtonHighlighted.png using Guid(888feb4a32e3b564fb7e6f9b28cc8e10) Importer(815301076,1909f56bfc062723c751e8b465ee728b)  -> (artifact id: '22393cf11405df396f6b3a7bb7649b65') in 0.019400 seconds
  Import took 0.028982 seconds .

========================================================================
Received Import Request.
  Time since last request: 0.000685 seconds.
  path: Assets/ThirdParty/Fungus/Textures/DialogBoxSliced.png
  artifactKey: Guid(e8ab00ef0d9684dcb9deb52811d91218) Importer(815301076,1909f56bfc062723c751e8b465ee728b)
Start importing Assets/ThirdParty/Fungus/Textures/DialogBoxSliced.png using Guid(e8ab00ef0d9684dcb9deb52811d91218) Importer(815301076,1909f56bfc062723c751e8b465ee728b)  -> (artifact id: '6bb34966613af51366e41dab22c26724') in 0.019007 seconds
  Import took 0.027565 seconds .

========================================================================
Received Import Request.
  Time since last request: 0.000246 seconds.
  path: Assets/ThirdParty/Fungus/Textures/ContinueIcon.png
  artifactKey: Guid(226248ac6f184e448af731df91b91958) Importer(815301076,1909f56bfc062723c751e8b465ee728b)
Start importing Assets/ThirdParty/Fungus/Textures/ContinueIcon.png using Guid(226248ac6f184e448af731df91b91958) Importer(815301076,1909f56bfc062723c751e8b465ee728b)  -> (artifact id: 'ff5e471583b593f07a6844bb7952a6ab') in 0.012167 seconds
  Import took 0.023174 seconds .

========================================================================
Received Import Request.
  Time since last request: 0.000274 seconds.
  path: Assets/ThirdParty/Fungus/Textures/GreyButton.png
  artifactKey: Guid(9bdedfa4650174106a3115624f193b99) Importer(815301076,1909f56bfc062723c751e8b465ee728b)
Start importing Assets/ThirdParty/Fungus/Textures/GreyButton.png using Guid(9bdedfa4650174106a3115624f193b99) Importer(815301076,1909f56bfc062723c751e8b465ee728b)  -> (artifact id: 'b85716a940bd747b93f97aa2f898f261') in 0.020903 seconds
  Import took 0.029427 seconds .

========================================================================
Received Import Request.
  Time since last request: 3393.999496 seconds.
  path: Assets/Scenes
  artifactKey: Guid(0c5c9760c217a394dae30209c4d4488f) Importer(815301076,1909f56bfc062723c751e8b465ee728b)
Start importing Assets/Scenes using Guid(0c5c9760c217a394dae30209c4d4488f) Importer(815301076,1909f56bfc062723c751e8b465ee728b)  -> (artifact id: '9a28ffc85523fd205bf171d07e7e2b9c') in 0.008431 seconds
  Import took 0.015385 seconds .

========================================================================
Received Import Request.
  Time since last request: 1.024343 seconds.
  path: Assets/Scenes/Scene2.unity
  artifactKey: Guid(8ecfbfc52e48d4e47b3df14057d788d6) Importer(815301076,1909f56bfc062723c751e8b465ee728b)
Start importing Assets/Scenes/Scene2.unity using Guid(8ecfbfc52e48d4e47b3df14057d788d6) Importer(815301076,1909f56bfc062723c751e8b465ee728b)  -> (artifact id: '79777127a352d0ad8059ee3b9c7626c3') in 0.008360 seconds
  Import took 0.014526 seconds .

========================================================================
Received Import Request.
  Time since last request: 10.426281 seconds.
  path: Assets/Scenes/Branch A.unity
  artifactKey: Guid(8ecfbfc52e48d4e47b3df14057d788d6) Importer(815301076,1909f56bfc062723c751e8b465ee728b)
Start importing Assets/Scenes/Branch A.unity using Guid(8ecfbfc52e48d4e47b3df14057d788d6) Importer(815301076,1909f56bfc062723c751e8b465ee728b)  -> (artifact id: '39eed57baf6773468231e01a65cce310') in 0.008800 seconds
  Import took 0.015037 seconds .

========================================================================
Received Import Request.
  Time since last request: 7.612878 seconds.
  path: Assets/Scenes/Branch B.unity
  artifactKey: Guid(56ea7bf6840d3dc48adad674f2dbf16e) Importer(815301076,1909f56bfc062723c751e8b465ee728b)
Start importing Assets/Scenes/Branch B.unity using Guid(56ea7bf6840d3dc48adad674f2dbf16e) Importer(815301076,1909f56bfc062723c751e8b465ee728b)  -> (artifact id: '1c24f73266a0c9fd13be102c033854d6') in 0.010820 seconds
  Import took 0.019063 seconds .

========================================================================
Received Prepare
Registering precompiled user dll's ...
Registered in 0.011087 seconds.
Begin MonoManager ReloadAssembly
Native extension for WindowsStandalone target not found
Native extension for WebGL target not found
Refreshing native plugins compatible for Editor in 1.09 ms, found 2 plugins.
Preloading 0 native plugins for Editor in 0.00 ms.
Mono: successfully reloaded assembly
- Completed reload, in  1.347 seconds
Platform modules already initialized, skipping
Shader 'Universal Render Pipeline/Particles/Lit': fallback shader 'Universal Render Pipeline/Particles/SimpleLit' not found
Refreshing native plugins compatible for Editor in 0.60 ms, found 2 plugins.
Preloading 0 native plugins for Editor in 0.00 ms.
Unloading 3344 Unused Serialized files (Serialized files now loaded: 0)
System memory in use before: 141.8 MB.
System memory in use after: 142.0 MB.

Unloading 14 unused Assets to reduce memory usage. Loaded Objects now: 4013.
Total: 2.658400 ms (FindLiveObjects: 0.394200 ms CreateObjectMapping: 0.216300 ms MarkObjects: 2.027000 ms  DeleteObjects: 0.019100 ms)

========================================================================
Received Prepare
Registering precompiled user dll's ...
Registered in 0.007646 seconds.
Begin MonoManager ReloadAssembly
Native extension for WindowsStandalone target not found
Native extension for WebGL target not found
Refreshing native plugins compatible for Editor in 1.15 ms, found 2 plugins.
Preloading 0 native plugins for Editor in 0.00 ms.
Mono: successfully reloaded assembly
- Completed reload, in  1.296 seconds
Platform modules already initialized, skipping
Shader 'Universal Render Pipeline/Particles/Lit': fallback shader 'Universal Render Pipeline/Particles/SimpleLit' not found
Refreshing native plugins compatible for Editor in 0.57 ms, found 2 plugins.
Preloading 0 native plugins for Editor in 0.00 ms.
Unloading 3344 Unused Serialized files (Serialized files now loaded: 0)
System memory in use before: 141.8 MB.
System memory in use after: 142.1 MB.

Unloading 14 unused Assets to reduce memory usage. Loaded Objects now: 4016.
Total: 3.483500 ms (FindLiveObjects: 0.666600 ms CreateObjectMapping: 0.379000 ms MarkObjects: 2.412400 ms  DeleteObjects: 0.023500 ms)

========================================================================
Received Import Request.
  Time since last request: 2398.808366 seconds.
  path: Assets/Scenes/Branch B.unity
  artifactKey: Guid(56ea7bf6840d3dc48adad674f2dbf16e) Importer(815301076,1909f56bfc062723c751e8b465ee728b)
Start importing Assets/Scenes/Branch B.unity using Guid(56ea7bf6840d3dc48adad674f2dbf16e) Importer(815301076,1909f56bfc062723c751e8b465ee728b)  -> (artifact id: 'b2d3b734be00992749eb8bc4998dea9e') in 0.014890 seconds
  Import took 0.020542 seconds .

========================================================================
Received Import Request.
  Time since last request: 34.024334 seconds.
  path: Assets/Scenes/Scene1.unity
  artifactKey: Guid(5470ef793a653bc40a0908b3b3876696) Importer(815301076,1909f56bfc062723c751e8b465ee728b)
Start importing Assets/Scenes/Scene1.unity using Guid(5470ef793a653bc40a0908b3b3876696) Importer(815301076,1909f56bfc062723c751e8b465ee728b)  -> (artifact id: '90cb92c64601964ce83faa64fe8b4811') in 0.006967 seconds
  Import took 0.013248 seconds .

========================================================================
Received Import Request.
  Time since last request: 24.030385 seconds.
  path: Assets/Scenes/Branch B.unity
  artifactKey: Guid(56ea7bf6840d3dc48adad674f2dbf16e) Importer(815301076,1909f56bfc062723c751e8b465ee728b)
Start importing Assets/Scenes/Branch B.unity using Guid(56ea7bf6840d3dc48adad674f2dbf16e) Importer(815301076,1909f56bfc062723c751e8b465ee728b)  -> (artifact id: '6e323cf9a0194f047ed9494a229f3ca3') in 0.003288 seconds
  Import took 0.009404 seconds .

========================================================================
Received Import Request.
  Time since last request: 0.000703 seconds.
  path: Assets/Scenes/Branch B.unity
  artifactKey: Guid(56ea7bf6840d3dc48adad674f2dbf16e) Importer(815301076,1909f56bfc062723c751e8b465ee728b)
Start importing Assets/Scenes/Branch B.unity using Guid(56ea7bf6840d3dc48adad674f2dbf16e) Importer(815301076,1909f56bfc062723c751e8b465ee728b)  -> (artifact id: '6e323cf9a0194f047ed9494a229f3ca3') in 0.003128 seconds
  Import took 0.009098 seconds .

========================================================================
Received Import Request.
  Time since last request: 10.023499 seconds.
  path: Assets/Scenes/Branch A.unity
  artifactKey: Guid(8ecfbfc52e48d4e47b3df14057d788d6) Importer(815301076,1909f56bfc062723c751e8b465ee728b)
Start importing Assets/Scenes/Branch A.unity using Guid(8ecfbfc52e48d4e47b3df14057d788d6) Importer(815301076,1909f56bfc062723c751e8b465ee728b)  -> (artifact id: '0b862413342cbb3dbbd43739133ec6e6') in 0.002989 seconds
  Import took 0.009022 seconds .

========================================================================
Received Import Request.
  Time since last request: 0.000802 seconds.
  path: Assets/Scenes/Branch A.unity
  artifactKey: Guid(8ecfbfc52e48d4e47b3df14057d788d6) Importer(815301076,1909f56bfc062723c751e8b465ee728b)
Start importing Assets/Scenes/Branch A.unity using Guid(8ecfbfc52e48d4e47b3df14057d788d6) Importer(815301076,1909f56bfc062723c751e8b465ee728b)  -> (artifact id: '0b862413342cbb3dbbd43739133ec6e6') in 0.003049 seconds
  Import took 0.009770 seconds .

========================================================================
Received Import Request.
  Time since last request: 7.541149 seconds.
  path: Assets/Scenes/Branch B.unity
  artifactKey: Guid(56ea7bf6840d3dc48adad674f2dbf16e) Importer(815301076,1909f56bfc062723c751e8b465ee728b)
Start importing Assets/Scenes/Branch B.unity using Guid(56ea7bf6840d3dc48adad674f2dbf16e) Importer(815301076,1909f56bfc062723c751e8b465ee728b)  -> (artifact id: '17858dffb91385f4a76b8fa199b3f3ef') in 0.003022 seconds
  Import took 0.009586 seconds .

========================================================================
Received Import Request.
  Time since last request: 0.001066 seconds.
  path: Assets/Scenes/Branch B.unity
  artifactKey: Guid(56ea7bf6840d3dc48adad674f2dbf16e) Importer(815301076,1909f56bfc062723c751e8b465ee728b)
Start importing Assets/Scenes/Branch B.unity using Guid(56ea7bf6840d3dc48adad674f2dbf16e) Importer(815301076,1909f56bfc062723c751e8b465ee728b)  -> (artifact id: '17858dffb91385f4a76b8fa199b3f3ef') in 0.003063 seconds
  Import took 0.008874 seconds .

========================================================================
Received Import Request.
  Time since last request: 11.179127 seconds.
  path: Assets/Scenes/Branch A.unity
  artifactKey: Guid(8ecfbfc52e48d4e47b3df14057d788d6) Importer(815301076,1909f56bfc062723c751e8b465ee728b)
Start importing Assets/Scenes/Branch A.unity using Guid(8ecfbfc52e48d4e47b3df14057d788d6) Importer(815301076,1909f56bfc062723c751e8b465ee728b)  -> (artifact id: '3cc8d8155da2e74d363ee3820afbe410') in 0.003053 seconds
  Import took 0.009250 seconds .

========================================================================
Received Import Request.
  Time since last request: 6.942743 seconds.
  path: Assets/Scenes/Branch B.unity
  artifactKey: Guid(56ea7bf6840d3dc48adad674f2dbf16e) Importer(815301076,1909f56bfc062723c751e8b465ee728b)
Start importing Assets/Scenes/Branch B.unity using Guid(56ea7bf6840d3dc48adad674f2dbf16e) Importer(815301076,1909f56bfc062723c751e8b465ee728b)  -> (artifact id: '50666744ea74dafa3e9b2bcb1aaf57dc') in 0.003614 seconds
  Import took 0.011338 seconds .

========================================================================
Received Import Request.
  Time since last request: 0.000764 seconds.
  path: Assets/Scenes/Branch B.unity
  artifactKey: Guid(56ea7bf6840d3dc48adad674f2dbf16e) Importer(815301076,1909f56bfc062723c751e8b465ee728b)
Start importing Assets/Scenes/Branch B.unity using Guid(56ea7bf6840d3dc48adad674f2dbf16e) Importer(815301076,1909f56bfc062723c751e8b465ee728b)  -> (artifact id: '50666744ea74dafa3e9b2bcb1aaf57dc') in 0.003022 seconds
  Import took 0.008842 seconds .

========================================================================
Received Import Request.
  Time since last request: 19.771950 seconds.
  path: Assets/Scenes/Branch B.unity
  artifactKey: Guid(56ea7bf6840d3dc48adad674f2dbf16e) Importer(815301076,1909f56bfc062723c751e8b465ee728b)
Start importing Assets/Scenes/Branch B.unity using Guid(56ea7bf6840d3dc48adad674f2dbf16e) Importer(815301076,1909f56bfc062723c751e8b465ee728b)  -> (artifact id: '39504788c115308ea739a96d89613284') in 0.003084 seconds
  Import took 0.008377 seconds .

========================================================================
Received Import Request.
  Time since last request: 9.835618 seconds.
  path: Assets/Scenes/Branch A.unity
  artifactKey: Guid(8ecfbfc52e48d4e47b3df14057d788d6) Importer(815301076,1909f56bfc062723c751e8b465ee728b)
Start importing Assets/Scenes/Branch A.unity using Guid(8ecfbfc52e48d4e47b3df14057d788d6) Importer(815301076,1909f56bfc062723c751e8b465ee728b)  -> (artifact id: '273bc99a63c95417c18469fa0599ec9a') in 0.003657 seconds
  Import took 0.012107 seconds .

========================================================================
Received Import Request.
  Time since last request: 23.206215 seconds.
  path: Assets/Scenes/Branch A.unity
  artifactKey: Guid(8ecfbfc52e48d4e47b3df14057d788d6) Importer(815301076,1909f56bfc062723c751e8b465ee728b)
Start importing Assets/Scenes/Branch A.unity using Guid(8ecfbfc52e48d4e47b3df14057d788d6) Importer(815301076,1909f56bfc062723c751e8b465ee728b)  -> (artifact id: 'f93998d768e0ff8870d00ecaa00dfda4') in 0.002981 seconds
  Import took 0.009199 seconds .

========================================================================
Received Import Request.
  Time since last request: 0.000586 seconds.
  path: Assets/Scenes/Branch A.unity
  artifactKey: Guid(8ecfbfc52e48d4e47b3df14057d788d6) Importer(815301076,1909f56bfc062723c751e8b465ee728b)
Start importing Assets/Scenes/Branch A.unity using Guid(8ecfbfc52e48d4e47b3df14057d788d6) Importer(815301076,1909f56bfc062723c751e8b465ee728b)  -> (artifact id: 'f93998d768e0ff8870d00ecaa00dfda4') in 0.003328 seconds
  Import took 0.009684 seconds .

========================================================================
Received Import Request.
  Time since last request: 173.765000 seconds.
  path: Assets/Scenes/Scene1.unity
  artifactKey: Guid(5470ef793a653bc40a0908b3b3876696) Importer(815301076,1909f56bfc062723c751e8b465ee728b)
Start importing Assets/Scenes/Scene1.unity using Guid(5470ef793a653bc40a0908b3b3876696) Importer(815301076,1909f56bfc062723c751e8b465ee728b)  -> (artifact id: '745eb4dc841eb9aca88bae6fc2b73462') in 0.003102 seconds
  Import took 0.009708 seconds .

========================================================================
Received Import Request.
  Time since last request: 0.000408 seconds.
  path: Assets/Scenes/Scene1.unity
  artifactKey: Guid(5470ef793a653bc40a0908b3b3876696) Importer(815301076,1909f56bfc062723c751e8b465ee728b)
Start importing Assets/Scenes/Scene1.unity using Guid(5470ef793a653bc40a0908b3b3876696) Importer(815301076,1909f56bfc062723c751e8b465ee728b)  -> (artifact id: '745eb4dc841eb9aca88bae6fc2b73462') in 0.003168 seconds
  Import took 0.008916 seconds .

========================================================================
Received Import Request.
  Time since last request: 8.133005 seconds.
  path: Assets/Scenes/Branch A.unity
  artifactKey: Guid(8ecfbfc52e48d4e47b3df14057d788d6) Importer(815301076,1909f56bfc062723c751e8b465ee728b)
Start importing Assets/Scenes/Branch A.unity using Guid(8ecfbfc52e48d4e47b3df14057d788d6) Importer(815301076,1909f56bfc062723c751e8b465ee728b)  -> (artifact id: 'f92ab3bc52fb2892b11a3c34a9296509') in 0.003020 seconds
  Import took 0.008890 seconds .

========================================================================
Received Import Request.
  Time since last request: 1020.390046 seconds.
  path: Assets/Scenes/Branch A.unity
  artifactKey: Guid(8ecfbfc52e48d4e47b3df14057d788d6) Importer(815301076,1909f56bfc062723c751e8b465ee728b)
Start importing Assets/Scenes/Branch A.unity using Guid(8ecfbfc52e48d4e47b3df14057d788d6) Importer(815301076,1909f56bfc062723c751e8b465ee728b)  -> (artifact id: '7b2fb78ace5454ea79e1c620bbe4fb4a') in 0.003476 seconds
  Import took 0.012256 seconds .

========================================================================
Received Import Request.
  Time since last request: 117.330137 seconds.
  path: Assets/Scenes/Branch B.unity
  artifactKey: Guid(56ea7bf6840d3dc48adad674f2dbf16e) Importer(815301076,1909f56bfc062723c751e8b465ee728b)
Start importing Assets/Scenes/Branch B.unity using Guid(56ea7bf6840d3dc48adad674f2dbf16e) Importer(815301076,1909f56bfc062723c751e8b465ee728b)  -> (artifact id: 'a1177ab71ad6e2938884291bc25f75af') in 0.003055 seconds
  Import took 0.009170 seconds .

========================================================================
Received Import Request.
  Time since last request: 0.000431 seconds.
  path: Assets/Scenes/Branch B.unity
  artifactKey: Guid(56ea7bf6840d3dc48adad674f2dbf16e) Importer(815301076,1909f56bfc062723c751e8b465ee728b)
Start importing Assets/Scenes/Branch B.unity using Guid(56ea7bf6840d3dc48adad674f2dbf16e) Importer(815301076,1909f56bfc062723c751e8b465ee728b)  -> (artifact id: 'a1177ab71ad6e2938884291bc25f75af') in 0.002974 seconds
  Import took 0.010247 seconds .

========================================================================
Received Import Request.
  Time since last request: 8888.823432 seconds.
  path: Assets/Scenes/Branch A.unity
  artifactKey: Guid(8ecfbfc52e48d4e47b3df14057d788d6) Importer(815301076,1909f56bfc062723c751e8b465ee728b)
Start importing Assets/Scenes/Branch A.unity using Guid(8ecfbfc52e48d4e47b3df14057d788d6) Importer(815301076,1909f56bfc062723c751e8b465ee728b)  -> (artifact id: '10fe3694102618519685e929174d19a1') in 0.004239 seconds
  Import took 0.012333 seconds .

========================================================================
Received Import Request.
  Time since last request: 106.141277 seconds.
  path: Assets/Resources/Template/SampleScene.unity
  artifactKey: Guid(d1c3109bdb54ad54c8a2b2838528e640) Importer(815301076,1909f56bfc062723c751e8b465ee728b)
Start importing Assets/Resources/Template/SampleScene.unity using Guid(d1c3109bdb54ad54c8a2b2838528e640) Importer(815301076,1909f56bfc062723c751e8b465ee728b)  -> (artifact id: '1d91915aba43d7b84ed712bc3169cc3d') in 0.006868 seconds
  Import took 0.013126 seconds .

========================================================================
Received Import Request.
  Time since last request: 39.961538 seconds.
  path: Assets/Resources/Template/SampleScene.unity
  artifactKey: Guid(d1c3109bdb54ad54c8a2b2838528e640) Importer(815301076,1909f56bfc062723c751e8b465ee728b)
Start importing Assets/Resources/Template/SampleScene.unity using Guid(d1c3109bdb54ad54c8a2b2838528e640) Importer(815301076,1909f56bfc062723c751e8b465ee728b)  -> (artifact id: '669d9a7084eca823217daf3d58c39c68') in 0.002839 seconds
  Import took 0.009323 seconds .

========================================================================
Received Import Request.
  Time since last request: 3.273225 seconds.
  path: Assets/Resources/Template/SampleSceneLightingSettings.lighting
  artifactKey: Guid(477cc4148fad3449482a3bc3178594e2) Importer(815301076,1909f56bfc062723c751e8b465ee728b)
Start importing Assets/Resources/Template/SampleSceneLightingSettings.lighting using Guid(477cc4148fad3449482a3bc3178594e2) Importer(815301076,1909f56bfc062723c751e8b465ee728b)  -> (artifact id: '22c04d6b8897f55a15c2f075161b7b32') in 0.010662 seconds
  Import took 0.016291 seconds .

========================================================================
Received Import Request.
  Time since last request: 0.000726 seconds.
  path: Assets/Resources/Template/SampleSceneLightingSettings.lighting
  artifactKey: Guid(477cc4148fad3449482a3bc3178594e2) Importer(815301076,1909f56bfc062723c751e8b465ee728b)
Start importing Assets/Resources/Template/SampleSceneLightingSettings.lighting using Guid(477cc4148fad3449482a3bc3178594e2) Importer(815301076,1909f56bfc062723c751e8b465ee728b)  -> (artifact id: '22c04d6b8897f55a15c2f075161b7b32') in 0.003475 seconds
  Import took 0.010549 seconds .

AssetImportWorkerClient::OnTransportError - code=2 error=End of file
